{"/home/circleci/app/src/domain/event/StoredEvent.ts": {"path":"/home/circleci/app/src/domain/event/StoredEvent.ts","statementMap":{"0":{"start":{"line":33,"column":2},"end":{"line":33,"column":26}},"1":{"start":{"line":34,"column":2},"end":{"line":34,"column":22}},"2":{"start":{"line":35,"column":2},"end":{"line":35,"column":28}},"3":{"start":{"line":36,"column":2},"end":{"line":36,"column":32}},"4":{"start":{"line":37,"column":2},"end":{"line":37,"column":31}},"5":{"start":{"line":38,"column":2},"end":{"line":38,"column":30}},"6":{"start":{"line":45,"column":2},"end":{"line":45,"column":25}},"7":{"start":{"line":52,"column":2},"end":{"line":52,"column":23}},"8":{"start":{"line":59,"column":2},"end":{"line":59,"column":24}},"9":{"start":{"line":66,"column":2},"end":{"line":66,"column":26}},"10":{"start":{"line":73,"column":2},"end":{"line":73,"column":28}},"11":{"start":{"line":80,"column":2},"end":{"line":80,"column":21}},"12":{"start":{"line":8,"column":0},"end":{"line":8,"column":21}}},"fnMap":{"0":{"name":"(anonymous_0)","decl":{"start":{"line":31,"column":1},"end":{"line":31,"column":20}},"loc":{"start":{"line":32,"column":36},"end":{"line":39,"column":2}}},"1":{"name":"(anonymous_1)","decl":{"start":{"line":44,"column":8},"end":{"line":44,"column":17}},"loc":{"start":{"line":44,"column":17},"end":{"line":46,"column":2}}},"2":{"name":"(anonymous_2)","decl":{"start":{"line":51,"column":8},"end":{"line":51,"column":15}},"loc":{"start":{"line":51,"column":15},"end":{"line":53,"column":2}}},"3":{"name":"(anonymous_3)","decl":{"start":{"line":58,"column":8},"end":{"line":58,"column":16}},"loc":{"start":{"line":58,"column":16},"end":{"line":60,"column":2}}},"4":{"name":"(anonymous_4)","decl":{"start":{"line":65,"column":8},"end":{"line":65,"column":18}},"loc":{"start":{"line":65,"column":18},"end":{"line":67,"column":2}}},"5":{"name":"(anonymous_5)","decl":{"start":{"line":72,"column":8},"end":{"line":72,"column":20}},"loc":{"start":{"line":72,"column":20},"end":{"line":74,"column":2}}},"6":{"name":"(anonymous_6)","decl":{"start":{"line":79,"column":8},"end":{"line":79,"column":13}},"loc":{"start":{"line":79,"column":13},"end":{"line":81,"column":2}}}},"branchMap":{},"s":{"0":1,"1":1,"2":1,"3":1,"4":1,"5":1,"6":1,"7":1,"8":1,"9":1,"10":1,"11":1,"12":1},"f":{"0":1,"1":1,"2":1,"3":1,"4":1,"5":1,"6":1},"b":{}}
,"/home/circleci/app/src/domain/model/DomainEventPublisher.ts": {"path":"/home/circleci/app/src/domain/model/DomainEventPublisher.ts","statementMap":{"0":{"start":{"line":12,"column":9},"end":{"line":12,"column":25}},"1":{"start":{"line":29,"column":2},"end":{"line":29,"column":25}},"2":{"start":{"line":21,"column":3},"end":{"line":21,"column":47}},"3":{"start":{"line":24,"column":2},"end":{"line":24,"column":40}},"4":{"start":{"line":38,"column":19},"end":{"line":38,"column":27}},"5":{"start":{"line":39,"column":2},"end":{"line":39,"column":48}},"6":{"start":{"line":40,"column":2},"end":{"line":40,"column":13}},"7":{"start":{"line":42,"column":2},"end":{"line":42,"column":12}},"8":{"start":{"line":50,"column":2},"end":{"line":52,"column":10}},"9":{"start":{"line":60,"column":2},"end":{"line":60,"column":31}},"10":{"start":{"line":69,"column":2},"end":{"line":73,"column":5}},"11":{"start":{"line":71,"column":4},"end":{"line":71,"column":36}},"12":{"start":{"line":16,"column":16},"end":{"line":16,"column":55}},"13":{"start":{"line":10,"column":0},"end":{"line":10,"column":21}}},"fnMap":{"0":{"name":"(anonymous_0)","decl":{"start":{"line":28,"column":1},"end":{"line":28,"column":null}},"loc":{"start":{"line":28,"column":1},"end":{"line":30,"column":2}}},"1":{"name":"(anonymous_1)","decl":{"start":{"line":19,"column":8},"end":{"line":19,"column":14}},"loc":{"start":{"line":19,"column":23},"end":{"line":25,"column":2}}},"2":{"name":"(anonymous_2)","decl":{"start":{"line":37,"column":8},"end":{"line":37,"column":17}},"loc":{"start":{"line":37,"column":62},"end":{"line":43,"column":2}}},"3":{"name":"(anonymous_3)","decl":{"start":{"line":49,"column":8},"end":{"line":49,"column":12}},"loc":{"start":{"line":49,"column":23},"end":{"line":53,"column":2}}},"4":{"name":"(anonymous_4)","decl":{"start":{"line":59,"column":8},"end":{"line":59,"column":19}},"loc":{"start":{"line":59,"column":30},"end":{"line":61,"column":2}}},"5":{"name":"(anonymous_5)","decl":{"start":{"line":68,"column":8},"end":{"line":68,"column":15}},"loc":{"start":{"line":68,"column":40},"end":{"line":74,"column":2}}},"6":{"name":"(anonymous_6)","decl":{"start":{"line":69,"column":28},"end":{"line":69,"column":29}},"loc":{"start":{"line":69,"column":73},"end":{"line":73,"column":3}}}},"branchMap":{"0":{"loc":{"start":{"line":51,"column":5},"end":{"line":51,"column":26}},"type":"cond-expr","locations":[{"start":{"line":51,"column":5},"end":{"line":51,"column":26}},{"start":{"line":52,"column":5},"end":{"line":52,"column":9}}]}},"s":{"0":1,"1":1,"2":1,"3":3,"4":3,"5":3,"6":3,"7":3,"8":2,"9":1,"10":1,"11":1,"12":1,"13":1},"f":{"0":1,"1":3,"2":3,"3":2,"4":1,"5":1,"6":1},"b":{"0":[1,1]}}
,"/home/circleci/app/src/port/adapter/messaging/rabbitmq/BrokerChannel.ts": {"path":"/home/circleci/app/src/port/adapter/messaging/rabbitmq/BrokerChannel.ts","statementMap":{"0":{"start":{"line":1,"column":0},"end":{"line":1,"column":34}},"1":{"start":{"line":4,"column":0},"end":{"line":4,"column":52}},"2":{"start":{"line":5,"column":0},"end":{"line":5,"column":34}},"3":{"start":{"line":11,"column":19},"end":{"line":11,"column":44}},"4":{"start":{"line":38,"column":2},"end":{"line":38,"column":20}},"5":{"start":{"line":42,"column":2},"end":{"line":42,"column":20}},"6":{"start":{"line":46,"column":2},"end":{"line":46,"column":25}},"7":{"start":{"line":63,"column":2},"end":{"line":63,"column":10}},"8":{"start":{"line":65,"column":3},"end":{"line":66,"column":49}},"9":{"start":{"line":66,"column":4},"end":{"line":66,"column":48}},"10":{"start":{"line":68,"column":3},"end":{"line":69,"column":60}},"11":{"start":{"line":69,"column":4},"end":{"line":69,"column":59}},"12":{"start":{"line":77,"column":35},"end":{"line":78,"column":null}},"13":{"start":{"line":80,"column":2},"end":{"line":80,"column":21}},"14":{"start":{"line":81,"column":2},"end":{"line":81,"column":45}},"15":{"start":{"line":82,"column":2},"end":{"line":84,"column":4}},"16":{"start":{"line":95,"column":2},"end":{"line":142,"column":4}},"17":{"start":{"line":97,"column":4},"end":{"line":140,"column":7}},"18":{"start":{"line":101,"column":7},"end":{"line":101,"column":32}},"19":{"start":{"line":102,"column":7},"end":{"line":109,"column":9}},"20":{"start":{"line":105,"column":9},"end":{"line":105,"column":23}},"21":{"start":{"line":106,"column":9},"end":{"line":106,"column":34}},"22":{"start":{"line":107,"column":9},"end":{"line":107,"column":47}},"23":{"start":{"line":110,"column":7},"end":{"line":132,"column":10}},"24":{"start":{"line":114,"column":10},"end":{"line":114,"column":30}},"25":{"start":{"line":115,"column":10},"end":{"line":115,"column":20}},"26":{"start":{"line":116,"column":10},"end":{"line":123,"column":12}},"27":{"start":{"line":119,"column":12},"end":{"line":119,"column":26}},"28":{"start":{"line":120,"column":12},"end":{"line":120,"column":34}},"29":{"start":{"line":121,"column":12},"end":{"line":121,"column":50}},"30":{"start":{"line":128,"column":10},"end":{"line":128,"column":24}},"31":{"start":{"line":129,"column":10},"end":{"line":129,"column":32}},"32":{"start":{"line":130,"column":10},"end":{"line":130,"column":19}},"33":{"start":{"line":137,"column":7},"end":{"line":137,"column":17}},"34":{"start":{"line":138,"column":7},"end":{"line":138,"column":32}},"35":{"start":{"line":149,"column":2},"end":{"line":163,"column":4}},"36":{"start":{"line":151,"column":4},"end":{"line":156,"column":6}},"37":{"start":{"line":154,"column":6},"end":{"line":154,"column":44}},"38":{"start":{"line":157,"column":4},"end":{"line":157,"column":39}},"39":{"start":{"line":158,"column":4},"end":{"line":158,"column":23}},"40":{"start":{"line":159,"column":4},"end":{"line":159,"column":51}},"41":{"start":{"line":160,"column":4},"end":{"line":160,"column":45}},"42":{"start":{"line":161,"column":4},"end":{"line":161,"column":8}},"43":{"start":{"line":167,"column":2},"end":{"line":167,"column":23}},"44":{"start":{"line":185,"column":2},"end":{"line":189,"column":16}},"45":{"start":{"line":187,"column":4},"end":{"line":187,"column":27}},"46":{"start":{"line":191,"column":2},"end":{"line":195,"column":16}},"47":{"start":{"line":193,"column":4},"end":{"line":193,"column":30}},"48":{"start":{"line":197,"column":2},"end":{"line":197,"column":24}},"49":{"start":{"line":198,"column":2},"end":{"line":198,"column":27}},"50":{"start":{"line":207,"column":2},"end":{"line":213,"column":4}},"51":{"start":{"line":220,"column":2},"end":{"line":220,"column":23}},"52":{"start":{"line":227,"column":2},"end":{"line":227,"column":26}},"53":{"start":{"line":234,"column":2},"end":{"line":234,"column":20}},"54":{"start":{"line":241,"column":2},"end":{"line":241,"column":26}},"55":{"start":{"line":248,"column":2},"end":{"line":248,"column":26}},"56":{"start":{"line":255,"column":2},"end":{"line":255,"column":32}},"57":{"start":{"line":262,"column":2},"end":{"line":262,"column":20}},"58":{"start":{"line":18,"column":0},"end":{"line":18,"column":30}}},"fnMap":{"0":{"name":"(anonymous_0)","decl":{"start":{"line":37,"column":8},"end":{"line":37,"column":12}},"loc":{"start":{"line":37,"column":12},"end":{"line":39,"column":2}}},"1":{"name":"(anonymous_1)","decl":{"start":{"line":41,"column":8},"end":{"line":41,"column":12}},"loc":{"start":{"line":41,"column":12},"end":{"line":43,"column":2}}},"2":{"name":"(anonymous_2)","decl":{"start":{"line":45,"column":8},"end":{"line":45,"column":13}},"loc":{"start":{"line":45,"column":13},"end":{"line":47,"column":2}}},"3":{"name":"(anonymous_3)","decl":{"start":{"line":58,"column":1},"end":{"line":58,"column":null}},"loc":{"start":{"line":61,"column":37},"end":{"line":71,"column":2}}},"4":{"name":"(anonymous_4)","decl":{"start":{"line":65,"column":19},"end":{"line":65,"column":37}},"loc":{"start":{"line":66,"column":4},"end":{"line":66,"column":48}}},"5":{"name":"(anonymous_5)","decl":{"start":{"line":68,"column":19},"end":{"line":68,"column":37}},"loc":{"start":{"line":69,"column":4},"end":{"line":69,"column":59}}},"6":{"name":"(anonymous_6)","decl":{"start":{"line":73,"column":9},"end":{"line":73,"column":34}},"loc":{"start":{"line":75,"column":14},"end":{"line":85,"column":2}}},"7":{"name":"(anonymous_7)","decl":{"start":{"line":92,"column":9},"end":{"line":92,"column":66}},"loc":{"start":{"line":93,"column":28},"end":{"line":143,"column":2}}},"8":{"name":"(anonymous_8)","decl":{"start":{"line":96,"column":3},"end":{"line":96,"column":4}},"loc":{"start":{"line":96,"column":29},"end":{"line":141,"column":4}}},"9":{"name":"(anonymous_9)","decl":{"start":{"line":100,"column":6},"end":{"line":100,"column":7}},"loc":{"start":{"line":100,"column":21},"end":{"line":133,"column":7}}},"10":{"name":"(anonymous_10)","decl":{"start":{"line":104,"column":8},"end":{"line":104,"column":9}},"loc":{"start":{"line":104,"column":20},"end":{"line":108,"column":9}}},"11":{"name":"(anonymous_11)","decl":{"start":{"line":113,"column":9},"end":{"line":113,"column":10}},"loc":{"start":{"line":113,"column":22},"end":{"line":124,"column":10}}},"12":{"name":"(anonymous_12)","decl":{"start":{"line":118,"column":11},"end":{"line":118,"column":12}},"loc":{"start":{"line":118,"column":23},"end":{"line":122,"column":12}}},"13":{"name":"(anonymous_13)","decl":{"start":{"line":127,"column":9},"end":{"line":127,"column":10}},"loc":{"start":{"line":127,"column":21},"end":{"line":131,"column":10}}},"14":{"name":"(anonymous_14)","decl":{"start":{"line":136,"column":6},"end":{"line":136,"column":7}},"loc":{"start":{"line":136,"column":18},"end":{"line":139,"column":7}}},"15":{"name":"(anonymous_15)","decl":{"start":{"line":145,"column":9},"end":{"line":145,"column":27}},"loc":{"start":{"line":147,"column":14},"end":{"line":164,"column":2}}},"16":{"name":"(anonymous_16)","decl":{"start":{"line":150,"column":3},"end":{"line":150,"column":4}},"loc":{"start":{"line":150,"column":15},"end":{"line":162,"column":4}}},"17":{"name":"(anonymous_17)","decl":{"start":{"line":153,"column":5},"end":{"line":153,"column":14}},"loc":{"start":{"line":153,"column":16},"end":{"line":155,"column":6}}},"18":{"name":"(anonymous_18)","decl":{"start":{"line":166,"column":11},"end":{"line":166,"column":18}},"loc":{"start":{"line":166,"column":18},"end":{"line":168,"column":2}}},"19":{"name":"(anonymous_19)","decl":{"start":{"line":173,"column":11},"end":{"line":173,"column":16}},"loc":{"start":{"line":173,"column":16},"end":{"line":199,"column":2}}},"20":{"name":"(anonymous_20)","decl":{"start":{"line":204,"column":11},"end":{"line":204,"column":59}},"loc":{"start":{"line":205,"column":38},"end":{"line":214,"column":2}}},"21":{"name":"(anonymous_21)","decl":{"start":{"line":219,"column":11},"end":{"line":219,"column":20}},"loc":{"start":{"line":219,"column":20},"end":{"line":221,"column":2}}},"22":{"name":"(anonymous_22)","decl":{"start":{"line":226,"column":11},"end":{"line":226,"column":21}},"loc":{"start":{"line":226,"column":38},"end":{"line":228,"column":2}}},"23":{"name":"(anonymous_23)","decl":{"start":{"line":233,"column":11},"end":{"line":233,"column":18}},"loc":{"start":{"line":233,"column":31},"end":{"line":235,"column":2}}},"24":{"name":"(anonymous_24)","decl":{"start":{"line":240,"column":9},"end":{"line":240,"column":19}},"loc":{"start":{"line":240,"column":36},"end":{"line":242,"column":2}}},"25":{"name":"(anonymous_25)","decl":{"start":{"line":247,"column":9},"end":{"line":247,"column":19}},"loc":{"start":{"line":247,"column":19},"end":{"line":249,"column":2}}},"26":{"name":"(anonymous_26)","decl":{"start":{"line":254,"column":9},"end":{"line":254,"column":22}},"loc":{"start":{"line":254,"column":45},"end":{"line":256,"column":2}}},"27":{"name":"(anonymous_27)","decl":{"start":{"line":261,"column":9},"end":{"line":261,"column":16}},"loc":{"start":{"line":261,"column":29},"end":{"line":263,"column":2}}}},"branchMap":{"0":{"loc":{"start":{"line":61,"column":33},"end":{"line":61,"column":37}},"type":"default-arg","locations":[{"start":{"line":61,"column":33},"end":{"line":61,"column":37}}]}},"s":{"0":3,"1":3,"2":3,"3":3,"4":5,"5":76,"6":59,"7":59,"8":24,"9":24,"10":35,"11":35,"12":35,"13":35,"14":35,"15":35,"16":35,"17":35,"18":35,"19":35,"20":1,"21":1,"22":1,"23":35,"24":27,"25":27,"26":27,"27":1,"28":1,"29":1,"30":5,"31":5,"32":5,"33":3,"34":3,"35":24,"36":24,"37":1,"38":22,"39":19,"40":19,"41":19,"42":19,"43":81,"44":2,"45":2,"46":2,"47":2,"48":2,"49":2,"50":35,"51":6,"52":50,"53":89,"54":54,"55":39,"56":60,"57":54,"58":3},"f":{"0":5,"1":76,"2":59,"3":59,"4":24,"5":35,"6":35,"7":35,"8":35,"9":35,"10":1,"11":27,"12":1,"13":5,"14":3,"15":24,"16":24,"17":1,"18":81,"19":2,"20":35,"21":6,"22":50,"23":89,"24":54,"25":39,"26":60,"27":54},"b":{"0":[35]}}
,"/home/circleci/app/src/port/adapter/messaging/rabbitmq/ConnectionFactory.ts": {"path":"/home/circleci/app/src/port/adapter/messaging/rabbitmq/ConnectionFactory.ts","statementMap":{"0":{"start":{"line":1,"column":0},"end":{"line":1,"column":64}},"1":{"start":{"line":20,"column":2},"end":{"line":20,"column":20}},"2":{"start":{"line":28,"column":2},"end":{"line":28,"column":28}},"3":{"start":{"line":36,"column":2},"end":{"line":36,"column":27}},"4":{"start":{"line":44,"column":2},"end":{"line":44,"column":41}},"5":{"start":{"line":52,"column":2},"end":{"line":52,"column":24}},"6":{"start":{"line":59,"column":2},"end":{"line":59,"column":39}},"7":{"start":{"line":67,"column":2},"end":{"line":67,"column":24}},"8":{"start":{"line":75,"column":2},"end":{"line":75,"column":39}},"9":{"start":{"line":83,"column":2},"end":{"line":83,"column":43}},"10":{"start":{"line":91,"column":2},"end":{"line":91,"column":24}},"11":{"start":{"line":95,"column":2},"end":{"line":95,"column":25}},"12":{"start":{"line":96,"column":2},"end":{"line":96,"column":21}},"13":{"start":{"line":97,"column":2},"end":{"line":97,"column":35}},"14":{"start":{"line":98,"column":2},"end":{"line":98,"column":29}},"15":{"start":{"line":99,"column":2},"end":{"line":99,"column":29}},"16":{"start":{"line":103,"column":2},"end":{"line":115,"column":5}},"17":{"start":{"line":105,"column":15},"end":{"line":108,"column":null}},"18":{"start":{"line":111,"column":4},"end":{"line":111,"column":18}},"19":{"start":{"line":113,"column":4},"end":{"line":113,"column":14}},"20":{"start":{"line":8,"column":0},"end":{"line":8,"column":21}}},"fnMap":{"0":{"name":"(anonymous_0)","decl":{"start":{"line":19,"column":8},"end":{"line":19,"column":12}},"loc":{"start":{"line":19,"column":12},"end":{"line":21,"column":2}}},"1":{"name":"(anonymous_1)","decl":{"start":{"line":27,"column":9},"end":{"line":27,"column":16}},"loc":{"start":{"line":27,"column":29},"end":{"line":29,"column":2}}},"2":{"name":"(anonymous_2)","decl":{"start":{"line":35,"column":8},"end":{"line":35,"column":19}},"loc":{"start":{"line":35,"column":19},"end":{"line":37,"column":2}}},"3":{"name":"(anonymous_3)","decl":{"start":{"line":43,"column":9},"end":{"line":43,"column":23}},"loc":{"start":{"line":43,"column":43},"end":{"line":45,"column":2}}},"4":{"name":"(anonymous_4)","decl":{"start":{"line":51,"column":8},"end":{"line":51,"column":16}},"loc":{"start":{"line":51,"column":16},"end":{"line":53,"column":2}}},"5":{"name":"(anonymous_5)","decl":{"start":{"line":58,"column":9},"end":{"line":58,"column":20}},"loc":{"start":{"line":58,"column":37},"end":{"line":60,"column":2}}},"6":{"name":"(anonymous_6)","decl":{"start":{"line":66,"column":8},"end":{"line":66,"column":16}},"loc":{"start":{"line":66,"column":16},"end":{"line":68,"column":2}}},"7":{"name":"(anonymous_7)","decl":{"start":{"line":74,"column":9},"end":{"line":74,"column":20}},"loc":{"start":{"line":74,"column":37},"end":{"line":76,"column":2}}},"8":{"name":"(anonymous_8)","decl":{"start":{"line":82,"column":9},"end":{"line":82,"column":16}},"loc":{"start":{"line":82,"column":33},"end":{"line":84,"column":2}}},"9":{"name":"(anonymous_9)","decl":{"start":{"line":90,"column":8},"end":{"line":90,"column":12}},"loc":{"start":{"line":90,"column":12},"end":{"line":92,"column":2}}},"10":{"name":"(anonymous_10)","decl":{"start":{"line":94,"column":1},"end":{"line":94,"column":20}},"loc":{"start":{"line":94,"column":112},"end":{"line":100,"column":2}}},"11":{"name":"(anonymous_11)","decl":{"start":{"line":102,"column":8},"end":{"line":102,"column":21}},"loc":{"start":{"line":102,"column":21},"end":{"line":116,"column":2}}},"12":{"name":"(anonymous_12)","decl":{"start":{"line":103,"column":21},"end":{"line":103,"column":26}},"loc":{"start":{"line":103,"column":62},"end":{"line":115,"column":3}}}},"branchMap":{"0":{"loc":{"start":{"line":28,"column":15},"end":{"line":28,"column":19}},"type":"binary-expr","locations":[{"start":{"line":28,"column":15},"end":{"line":28,"column":19}},{"start":{"line":28,"column":23},"end":{"line":28,"column":27}}]},"1":{"loc":{"start":{"line":44,"column":22},"end":{"line":44,"column":33}},"type":"binary-expr","locations":[{"start":{"line":44,"column":22},"end":{"line":44,"column":33}},{"start":{"line":44,"column":37},"end":{"line":44,"column":40}}]},"2":{"loc":{"start":{"line":59,"column":19},"end":{"line":59,"column":27}},"type":"binary-expr","locations":[{"start":{"line":59,"column":19},"end":{"line":59,"column":27}},{"start":{"line":59,"column":31},"end":{"line":59,"column":38}}]},"3":{"loc":{"start":{"line":75,"column":19},"end":{"line":75,"column":27}},"type":"binary-expr","locations":[{"start":{"line":75,"column":19},"end":{"line":75,"column":27}},{"start":{"line":75,"column":31},"end":{"line":75,"column":38}}]},"4":{"loc":{"start":{"line":83,"column":19},"end":{"line":83,"column":27}},"type":"binary-expr","locations":[{"start":{"line":83,"column":19},"end":{"line":83,"column":27}},{"start":{"line":83,"column":31},"end":{"line":83,"column":42}}]}},"s":{"0":4,"1":38,"2":38,"3":38,"4":38,"5":38,"6":38,"7":38,"8":38,"9":38,"10":38,"11":38,"12":38,"13":38,"14":38,"15":38,"16":37,"17":37,"18":36,"19":1,"20":4},"f":{"0":38,"1":38,"2":38,"3":38,"4":38,"5":38,"6":38,"7":38,"8":38,"9":38,"10":38,"11":37,"12":37},"b":{"0":[38,1],"1":[38,1],"2":[38,1],"3":[38,1],"4":[38,1]}}
,"/home/circleci/app/src/port/adapter/messaging/rabbitmq/ConnectionSetting.ts": {"path":"/home/circleci/app/src/port/adapter/messaging/rabbitmq/ConnectionSetting.ts","statementMap":{"0":{"start":{"line":1,"column":0},"end":{"line":1,"column":36}},"1":{"start":{"line":67,"column":2},"end":{"line":73,"column":4}},"2":{"start":{"line":86,"column":2},"end":{"line":86,"column":29}},"3":{"start":{"line":87,"column":2},"end":{"line":87,"column":29}},"4":{"start":{"line":88,"column":2},"end":{"line":88,"column":21}},"5":{"start":{"line":89,"column":2},"end":{"line":89,"column":29}},"6":{"start":{"line":90,"column":2},"end":{"line":90,"column":35}},"7":{"start":{"line":96,"column":2},"end":{"line":96,"column":24}},"8":{"start":{"line":103,"column":2},"end":{"line":103,"column":63}},"9":{"start":{"line":105,"column":2},"end":{"line":105,"column":28}},"10":{"start":{"line":111,"column":2},"end":{"line":111,"column":24}},"11":{"start":{"line":118,"column":2},"end":{"line":118,"column":28}},"12":{"start":{"line":125,"column":2},"end":{"line":125,"column":20}},"13":{"start":{"line":131,"column":2},"end":{"line":131,"column":25}},"14":{"start":{"line":138,"column":2},"end":{"line":138,"column":20}},"15":{"start":{"line":144,"column":2},"end":{"line":144,"column":60}},"16":{"start":{"line":150,"column":2},"end":{"line":150,"column":24}},"17":{"start":{"line":157,"column":2},"end":{"line":157,"column":28}},"18":{"start":{"line":164,"column":2},"end":{"line":164,"column":27}},"19":{"start":{"line":171,"column":2},"end":{"line":171,"column":69}},"20":{"start":{"line":173,"column":2},"end":{"line":173,"column":34}},"21":{"start":{"line":10,"column":0},"end":{"line":10,"column":21}}},"fnMap":{"0":{"name":"(anonymous_0)","decl":{"start":{"line":60,"column":8},"end":{"line":60,"column":14}},"loc":{"start":{"line":65,"column":19},"end":{"line":74,"column":2}}},"1":{"name":"(anonymous_1)","decl":{"start":{"line":79,"column":1},"end":{"line":79,"column":null}},"loc":{"start":{"line":84,"column":18},"end":{"line":91,"column":2}}},"2":{"name":"(anonymous_2)","decl":{"start":{"line":95,"column":8},"end":{"line":95,"column":16}},"loc":{"start":{"line":95,"column":16},"end":{"line":97,"column":2}}},"3":{"name":"(anonymous_3)","decl":{"start":{"line":102,"column":9},"end":{"line":102,"column":20}},"loc":{"start":{"line":102,"column":37},"end":{"line":106,"column":2}}},"4":{"name":"(anonymous_4)","decl":{"start":{"line":110,"column":8},"end":{"line":110,"column":16}},"loc":{"start":{"line":110,"column":16},"end":{"line":112,"column":2}}},"5":{"name":"(anonymous_5)","decl":{"start":{"line":117,"column":9},"end":{"line":117,"column":20}},"loc":{"start":{"line":117,"column":37},"end":{"line":119,"column":2}}},"6":{"name":"(anonymous_6)","decl":{"start":{"line":124,"column":8},"end":{"line":124,"column":12}},"loc":{"start":{"line":124,"column":12},"end":{"line":126,"column":2}}},"7":{"name":"(anonymous_7)","decl":{"start":{"line":130,"column":8},"end":{"line":130,"column":15}},"loc":{"start":{"line":130,"column":15},"end":{"line":132,"column":2}}},"8":{"name":"(anonymous_8)","decl":{"start":{"line":137,"column":9},"end":{"line":137,"column":16}},"loc":{"start":{"line":137,"column":29},"end":{"line":139,"column":2}}},"9":{"name":"(anonymous_9)","decl":{"start":{"line":143,"column":8},"end":{"line":143,"column":26}},"loc":{"start":{"line":143,"column":26},"end":{"line":145,"column":2}}},"10":{"name":"(anonymous_10)","decl":{"start":{"line":149,"column":8},"end":{"line":149,"column":16}},"loc":{"start":{"line":149,"column":16},"end":{"line":151,"column":2}}},"11":{"name":"(anonymous_11)","decl":{"start":{"line":156,"column":9},"end":{"line":156,"column":20}},"loc":{"start":{"line":156,"column":37},"end":{"line":158,"column":2}}},"12":{"name":"(anonymous_12)","decl":{"start":{"line":163,"column":8},"end":{"line":163,"column":19}},"loc":{"start":{"line":163,"column":19},"end":{"line":165,"column":2}}},"13":{"name":"(anonymous_13)","decl":{"start":{"line":170,"column":9},"end":{"line":170,"column":23}},"loc":{"start":{"line":170,"column":43},"end":{"line":174,"column":2}}}},"branchMap":{"0":{"loc":{"start":{"line":68,"column":3},"end":{"line":68,"column":11}},"type":"binary-expr","locations":[{"start":{"line":68,"column":3},"end":{"line":68,"column":11}},{"start":{"line":68,"column":15},"end":{"line":68,"column":26}}]},"1":{"loc":{"start":{"line":69,"column":3},"end":{"line":69,"column":7}},"type":"binary-expr","locations":[{"start":{"line":69,"column":3},"end":{"line":69,"column":7}},{"start":{"line":69,"column":11},"end":{"line":69,"column":15}}]},"2":{"loc":{"start":{"line":70,"column":3},"end":{"line":70,"column":14}},"type":"binary-expr","locations":[{"start":{"line":70,"column":3},"end":{"line":70,"column":14}},{"start":{"line":70,"column":18},"end":{"line":70,"column":21}}]},"3":{"loc":{"start":{"line":71,"column":3},"end":{"line":71,"column":11}},"type":"binary-expr","locations":[{"start":{"line":71,"column":3},"end":{"line":71,"column":11}},{"start":{"line":71,"column":15},"end":{"line":71,"column":22}}]},"4":{"loc":{"start":{"line":72,"column":3},"end":{"line":72,"column":11}},"type":"binary-expr","locations":[{"start":{"line":72,"column":3},"end":{"line":72,"column":11}},{"start":{"line":72,"column":15},"end":{"line":72,"column":22}}]},"5":{"loc":{"start":{"line":144,"column":9},"end":{"line":144,"column":32}},"type":"binary-expr","locations":[{"start":{"line":144,"column":9},"end":{"line":144,"column":32}},{"start":{"line":144,"column":36},"end":{"line":144,"column":59}}]}},"s":{"0":4,"1":48,"2":46,"3":46,"4":46,"5":46,"6":46,"7":73,"8":46,"9":46,"10":39,"11":46,"12":39,"13":1,"14":46,"15":1,"16":39,"17":46,"18":38,"19":46,"20":46,"21":4},"f":{"0":48,"1":46,"2":73,"3":46,"4":39,"5":46,"6":39,"7":1,"8":46,"9":1,"10":39,"11":46,"12":38,"13":46},"b":{"0":[48,4],"1":[48,3],"2":[48,4],"3":[48,4],"4":[48,4],"5":[1,1]}}
,"/home/circleci/app/src/port/adapter/messaging/rabbitmq/Constant.ts": {"path":"/home/circleci/app/src/port/adapter/messaging/rabbitmq/Constant.ts","statementMap":{"0":{"start":{"line":2,"column":24},"end":{"line":2,"column":110}},"1":{"start":{"line":3,"column":24},"end":{"line":4,"column":44}},"2":{"start":{"line":5,"column":24},"end":{"line":6,"column":36}},"3":{"start":{"line":7,"column":24},"end":{"line":8,"column":44}},"4":{"start":{"line":9,"column":24},"end":{"line":10,"column":77}},"5":{"start":{"line":11,"column":24},"end":{"line":12,"column":33}},"6":{"start":{"line":13,"column":24},"end":{"line":14,"column":25}},"7":{"start":{"line":15,"column":24},"end":{"line":15,"column":61}},"8":{"start":{"line":16,"column":24},"end":{"line":16,"column":59}},"9":{"start":{"line":17,"column":24},"end":{"line":18,"column":40}},"10":{"start":{"line":19,"column":24},"end":{"line":20,"column":38}},"11":{"start":{"line":21,"column":24},"end":{"line":22,"column":39}},"12":{"start":{"line":23,"column":24},"end":{"line":24,"column":36}},"13":{"start":{"line":1,"column":0},"end":{"line":1,"column":21}}},"fnMap":{},"branchMap":{},"s":{"0":3,"1":3,"2":3,"3":3,"4":3,"5":3,"6":3,"7":3,"8":3,"9":3,"10":3,"11":3,"12":3,"13":3},"f":{},"b":{}}
,"/home/circleci/app/src/port/adapter/messaging/rabbitmq/Exchange.ts": {"path":"/home/circleci/app/src/port/adapter/messaging/rabbitmq/Exchange.ts","statementMap":{"0":{"start":{"line":1,"column":0},"end":{"line":1,"column":34}},"1":{"start":{"line":3,"column":0},"end":{"line":3,"column":44}},"2":{"start":{"line":10,"column":19},"end":{"line":10,"column":44}},"3":{"start":{"line":33,"column":2},"end":{"line":48,"column":5}},"4":{"start":{"line":34,"column":18},"end":{"line":38,"column":null}},"5":{"start":{"line":41,"column":4},"end":{"line":41,"column":27}},"6":{"start":{"line":42,"column":4},"end":{"line":42,"column":28}},"7":{"start":{"line":43,"column":4},"end":{"line":43,"column":22}},"8":{"start":{"line":45,"column":4},"end":{"line":45,"column":57}},"9":{"start":{"line":46,"column":4},"end":{"line":46,"column":53}},"10":{"start":{"line":63,"column":2},"end":{"line":73,"column":5}},"11":{"start":{"line":64,"column":18},"end":{"line":64,"column":72}},"12":{"start":{"line":66,"column":4},"end":{"line":66,"column":27}},"13":{"start":{"line":67,"column":4},"end":{"line":67,"column":28}},"14":{"start":{"line":68,"column":4},"end":{"line":68,"column":22}},"15":{"start":{"line":70,"column":4},"end":{"line":70,"column":57}},"16":{"start":{"line":71,"column":4},"end":{"line":71,"column":53}},"17":{"start":{"line":88,"column":2},"end":{"line":98,"column":5}},"18":{"start":{"line":89,"column":18},"end":{"line":89,"column":73}},"19":{"start":{"line":91,"column":4},"end":{"line":91,"column":27}},"20":{"start":{"line":92,"column":4},"end":{"line":92,"column":28}},"21":{"start":{"line":93,"column":4},"end":{"line":93,"column":22}},"22":{"start":{"line":95,"column":4},"end":{"line":95,"column":57}},"23":{"start":{"line":96,"column":4},"end":{"line":96,"column":53}},"24":{"start":{"line":113,"column":2},"end":{"line":123,"column":5}},"25":{"start":{"line":114,"column":18},"end":{"line":114,"column":71}},"26":{"start":{"line":116,"column":4},"end":{"line":116,"column":27}},"27":{"start":{"line":117,"column":4},"end":{"line":117,"column":28}},"28":{"start":{"line":118,"column":4},"end":{"line":118,"column":22}},"29":{"start":{"line":120,"column":4},"end":{"line":120,"column":57}},"30":{"start":{"line":121,"column":4},"end":{"line":121,"column":53}},"31":{"start":{"line":135,"column":2},"end":{"line":135,"column":72}},"32":{"start":{"line":144,"column":2},"end":{"line":154,"column":5}},"33":{"start":{"line":146,"column":4},"end":{"line":148,"column":7}},"34":{"start":{"line":149,"column":4},"end":{"line":149,"column":14}},"35":{"start":{"line":151,"column":4},"end":{"line":151,"column":52}},"36":{"start":{"line":152,"column":4},"end":{"line":152,"column":48}},"37":{"start":{"line":166,"column":2},"end":{"line":166,"column":33}},"38":{"start":{"line":167,"column":2},"end":{"line":167,"column":29}},"39":{"start":{"line":168,"column":2},"end":{"line":168,"column":21}},"40":{"start":{"line":175,"column":2},"end":{"line":175,"column":20}},"41":{"start":{"line":183,"column":2},"end":{"line":183,"column":20}},"42":{"start":{"line":17,"column":0},"end":{"line":17,"column":21}}},"fnMap":{"0":{"name":"(anonymous_0)","decl":{"start":{"line":28,"column":8},"end":{"line":28,"column":14}},"loc":{"start":{"line":31,"column":20},"end":{"line":49,"column":2}}},"1":{"name":"(anonymous_1)","decl":{"start":{"line":33,"column":21},"end":{"line":33,"column":26}},"loc":{"start":{"line":33,"column":62},"end":{"line":48,"column":3}}},"2":{"name":"(anonymous_2)","decl":{"start":{"line":58,"column":8},"end":{"line":58,"column":14}},"loc":{"start":{"line":61,"column":20},"end":{"line":74,"column":2}}},"3":{"name":"(anonymous_3)","decl":{"start":{"line":63,"column":21},"end":{"line":63,"column":26}},"loc":{"start":{"line":63,"column":62},"end":{"line":73,"column":3}}},"4":{"name":"(anonymous_4)","decl":{"start":{"line":83,"column":8},"end":{"line":83,"column":14}},"loc":{"start":{"line":86,"column":20},"end":{"line":99,"column":2}}},"5":{"name":"(anonymous_5)","decl":{"start":{"line":88,"column":21},"end":{"line":88,"column":26}},"loc":{"start":{"line":88,"column":62},"end":{"line":98,"column":3}}},"6":{"name":"(anonymous_6)","decl":{"start":{"line":108,"column":8},"end":{"line":108,"column":14}},"loc":{"start":{"line":111,"column":20},"end":{"line":124,"column":2}}},"7":{"name":"(anonymous_7)","decl":{"start":{"line":113,"column":21},"end":{"line":113,"column":26}},"loc":{"start":{"line":113,"column":62},"end":{"line":123,"column":3}}},"8":{"name":"(anonymous_8)","decl":{"start":{"line":134,"column":8},"end":{"line":134,"column":15}},"loc":{"start":{"line":134,"column":44},"end":{"line":136,"column":2}}},"9":{"name":"(anonymous_9)","decl":{"start":{"line":143,"column":8},"end":{"line":143,"column":14}},"loc":{"start":{"line":143,"column":14},"end":{"line":155,"column":2}}},"10":{"name":"(anonymous_10)","decl":{"start":{"line":144,"column":21},"end":{"line":144,"column":26}},"loc":{"start":{"line":144,"column":62},"end":{"line":154,"column":3}}},"11":{"name":"(anonymous_11)","decl":{"start":{"line":160,"column":1},"end":{"line":160,"column":null}},"loc":{"start":{"line":164,"column":20},"end":{"line":169,"column":2}}},"12":{"name":"(anonymous_12)","decl":{"start":{"line":174,"column":11},"end":{"line":174,"column":15}},"loc":{"start":{"line":174,"column":15},"end":{"line":176,"column":2}}},"13":{"name":"(anonymous_13)","decl":{"start":{"line":182,"column":9},"end":{"line":182,"column":16}},"loc":{"start":{"line":182,"column":29},"end":{"line":184,"column":2}}}},"branchMap":{},"s":{"0":1,"1":1,"2":1,"3":4,"4":4,"5":4,"6":3,"7":2,"8":2,"9":2,"10":2,"11":2,"12":2,"13":1,"14":1,"15":1,"16":1,"17":2,"18":2,"19":2,"20":1,"21":1,"22":1,"23":1,"24":2,"25":2,"26":2,"27":1,"28":1,"29":1,"30":1,"31":1,"32":6,"33":6,"34":5,"35":1,"36":1,"37":10,"38":10,"39":10,"40":6,"41":10,"42":1},"f":{"0":4,"1":4,"2":2,"3":2,"4":2,"5":2,"6":2,"7":2,"8":1,"9":6,"10":6,"11":10,"12":6,"13":10},"b":{}}
,"/home/circleci/app/src/port/adapter/messaging/rabbitmq/MessageConsumer.ts": {"path":"/home/circleci/app/src/port/adapter/messaging/rabbitmq/MessageConsumer.ts","statementMap":{"0":{"start":{"line":1,"column":0},"end":{"line":1,"column":34}},"1":{"start":{"line":2,"column":0},"end":{"line":2,"column":50}},"2":{"start":{"line":11,"column":19},"end":{"line":11,"column":44}},"3":{"start":{"line":40,"column":2},"end":{"line":40,"column":47}},"4":{"start":{"line":48,"column":2},"end":{"line":48,"column":48}},"5":{"start":{"line":61,"column":2},"end":{"line":61,"column":45}},"6":{"start":{"line":68,"column":2},"end":{"line":68,"column":23}},"7":{"start":{"line":69,"column":2},"end":{"line":69,"column":23}},"8":{"start":{"line":76,"column":2},"end":{"line":76,"column":22}},"9":{"start":{"line":85,"column":3},"end":{"line":85,"column":28}},"10":{"start":{"line":87,"column":3},"end":{"line":87,"column":61}},"11":{"start":{"line":97,"column":2},"end":{"line":97,"column":23}},"12":{"start":{"line":98,"column":2},"end":{"line":98,"column":47}},"13":{"start":{"line":105,"column":2},"end":{"line":105,"column":32}},"14":{"start":{"line":113,"column":2},"end":{"line":113,"column":46}},"15":{"start":{"line":121,"column":2},"end":{"line":121,"column":24}},"16":{"start":{"line":128,"column":2},"end":{"line":128,"column":21}},"17":{"start":{"line":136,"column":21},"end":{"line":136,"column":33}},"18":{"start":{"line":137,"column":12},"end":{"line":137,"column":31}},"19":{"start":{"line":138,"column":2},"end":{"line":146,"column":5}},"20":{"start":{"line":141,"column":5},"end":{"line":141,"column":56}},"21":{"start":{"line":143,"column":5},"end":{"line":143,"column":49}},"22":{"start":{"line":149,"column":3},"end":{"line":151,"column":6}},"23":{"start":{"line":153,"column":3},"end":{"line":153,"column":43}},"24":{"start":{"line":154,"column":3},"end":{"line":154,"column":27}},"25":{"start":{"line":157,"column":2},"end":{"line":157,"column":27}},"26":{"start":{"line":169,"column":3},"end":{"line":169,"column":29}},"27":{"start":{"line":178,"column":2},"end":{"line":178,"column":22}},"28":{"start":{"line":20,"column":0},"end":{"line":20,"column":21}}},"fnMap":{"0":{"name":"(anonymous_0)","decl":{"start":{"line":39,"column":8},"end":{"line":39,"column":14}},"loc":{"start":{"line":39,"column":52},"end":{"line":41,"column":2}}},"1":{"name":"(anonymous_1)","decl":{"start":{"line":47,"column":8},"end":{"line":47,"column":14}},"loc":{"start":{"line":47,"column":54},"end":{"line":49,"column":2}}},"2":{"name":"(anonymous_2)","decl":{"start":{"line":57,"column":8},"end":{"line":57,"column":14}},"loc":{"start":{"line":59,"column":29},"end":{"line":62,"column":2}}},"3":{"name":"(anonymous_3)","decl":{"start":{"line":67,"column":8},"end":{"line":67,"column":13}},"loc":{"start":{"line":67,"column":13},"end":{"line":70,"column":2}}},"4":{"name":"(anonymous_4)","decl":{"start":{"line":75,"column":8},"end":{"line":75,"column":16}},"loc":{"start":{"line":75,"column":16},"end":{"line":77,"column":2}}},"5":{"name":"(anonymous_5)","decl":{"start":{"line":83,"column":8},"end":{"line":83,"column":35}},"loc":{"start":{"line":83,"column":35},"end":{"line":89,"column":2}}},"6":{"name":"(anonymous_6)","decl":{"start":{"line":96,"column":1},"end":{"line":96,"column":23}},"loc":{"start":{"line":96,"column":64},"end":{"line":99,"column":2}}},"7":{"name":"(anonymous_7)","decl":{"start":{"line":104,"column":9},"end":{"line":104,"column":27}},"loc":{"start":{"line":104,"column":27},"end":{"line":106,"column":2}}},"8":{"name":"(anonymous_8)","decl":{"start":{"line":112,"column":9},"end":{"line":112,"column":28}},"loc":{"start":{"line":112,"column":56},"end":{"line":114,"column":2}}},"9":{"name":"(anonymous_9)","decl":{"start":{"line":120,"column":9},"end":{"line":120,"column":18}},"loc":{"start":{"line":120,"column":34},"end":{"line":122,"column":2}}},"10":{"name":"(anonymous_10)","decl":{"start":{"line":127,"column":11},"end":{"line":127,"column":16}},"loc":{"start":{"line":127,"column":16},"end":{"line":129,"column":2}}},"11":{"name":"(anonymous_11)","decl":{"start":{"line":135,"column":8},"end":{"line":135,"column":13}},"loc":{"start":{"line":135,"column":57},"end":{"line":158,"column":2}}},"12":{"name":"(anonymous_12)","decl":{"start":{"line":138,"column":55},"end":{"line":138,"column":56}},"loc":{"start":{"line":138,"column":67},"end":{"line":146,"column":3}}},"13":{"name":"(anonymous_13)","decl":{"start":{"line":167,"column":8},"end":{"line":167,"column":11}},"loc":{"start":{"line":167,"column":28},"end":{"line":171,"column":2}}},"14":{"name":"(anonymous_14)","decl":{"start":{"line":177,"column":9},"end":{"line":177,"column":17}},"loc":{"start":{"line":177,"column":30},"end":{"line":179,"column":2}}}},"branchMap":{},"s":{"0":1,"1":1,"2":1,"3":3,"4":6,"5":9,"6":1,"7":1,"8":2,"9":2,"10":1,"11":9,"12":9,"13":12,"14":9,"15":1,"16":13,"17":7,"18":7,"19":7,"20":1,"21":1,"22":7,"23":1,"24":1,"25":6,"26":3,"27":9,"28":1},"f":{"0":3,"1":6,"2":9,"3":1,"4":2,"5":2,"6":9,"7":12,"8":9,"9":1,"10":13,"11":7,"12":2,"13":3,"14":9},"b":{}}
,"/home/circleci/app/src/port/adapter/messaging/rabbitmq/MessageException.ts": {"path":"/home/circleci/app/src/port/adapter/messaging/rabbitmq/MessageException.ts","statementMap":{"0":{"start":{"line":21,"column":2},"end":{"line":21,"column":25}},"1":{"start":{"line":22,"column":2},"end":{"line":22,"column":27}},"2":{"start":{"line":30,"column":2},"end":{"line":30,"column":33}},"3":{"start":{"line":38,"column":2},"end":{"line":38,"column":34}},"4":{"start":{"line":48,"column":2},"end":{"line":48,"column":21}},"5":{"start":{"line":56,"column":2},"end":{"line":56,"column":22}},"6":{"start":{"line":64,"column":2},"end":{"line":64,"column":26}},"7":{"start":{"line":71,"column":2},"end":{"line":71,"column":23}},"8":{"start":{"line":8,"column":0},"end":{"line":8,"column":21}}},"fnMap":{"0":{"name":"(anonymous_0)","decl":{"start":{"line":20,"column":1},"end":{"line":20,"column":21}},"loc":{"start":{"line":20,"column":54},"end":{"line":23,"column":2}}},"1":{"name":"(anonymous_1)","decl":{"start":{"line":29,"column":8},"end":{"line":29,"column":14}},"loc":{"start":{"line":29,"column":48},"end":{"line":31,"column":2}}},"2":{"name":"(anonymous_2)","decl":{"start":{"line":37,"column":8},"end":{"line":37,"column":14}},"loc":{"start":{"line":37,"column":51},"end":{"line":39,"column":2}}},"3":{"name":"(anonymous_3)","decl":{"start":{"line":47,"column":8},"end":{"line":47,"column":15}},"loc":{"start":{"line":47,"column":15},"end":{"line":49,"column":2}}},"4":{"name":"(anonymous_4)","decl":{"start":{"line":55,"column":9},"end":{"line":55,"column":17}},"loc":{"start":{"line":55,"column":32},"end":{"line":57,"column":2}}},"5":{"name":"(anonymous_5)","decl":{"start":{"line":63,"column":9},"end":{"line":63,"column":19}},"loc":{"start":{"line":63,"column":35},"end":{"line":65,"column":2}}},"6":{"name":"(anonymous_6)","decl":{"start":{"line":70,"column":8},"end":{"line":70,"column":15}},"loc":{"start":{"line":70,"column":15},"end":{"line":72,"column":2}}}},"branchMap":{},"s":{"0":4,"1":4,"2":1,"3":3,"4":3,"5":4,"6":4,"7":1,"8":2},"f":{"0":4,"1":1,"2":3,"3":3,"4":4,"5":4,"6":1},"b":{}}
,"/home/circleci/app/src/port/adapter/messaging/rabbitmq/MessageListener.ts": {"path":"/home/circleci/app/src/port/adapter/messaging/rabbitmq/MessageListener.ts","statementMap":{"0":{"start":{"line":22,"column":2},"end":{"line":22,"column":26}},"1":{"start":{"line":31,"column":2},"end":{"line":31,"column":23}},"2":{"start":{"line":12,"column":0},"end":{"line":12,"column":30}}},"fnMap":{"0":{"name":"(anonymous_0)","decl":{"start":{"line":21,"column":8},"end":{"line":21,"column":25}},"loc":{"start":{"line":21,"column":42},"end":{"line":23,"column":2}}},"1":{"name":"(anonymous_1)","decl":{"start":{"line":30,"column":8},"end":{"line":30,"column":15}},"loc":{"start":{"line":30,"column":15},"end":{"line":32,"column":2}}}},"branchMap":{},"s":{"0":1,"1":2,"2":1},"f":{"0":1,"1":2},"b":{}}
,"/home/circleci/app/src/port/adapter/messaging/rabbitmq/Queue.ts": {"path":"/home/circleci/app/src/port/adapter/messaging/rabbitmq/Queue.ts","statementMap":{"0":{"start":{"line":3,"column":0},"end":{"line":3,"column":44}},"1":{"start":{"line":6,"column":0},"end":{"line":6,"column":34}},"2":{"start":{"line":13,"column":19},"end":{"line":13,"column":44}},"3":{"start":{"line":39,"column":2},"end":{"line":62,"column":4}},"4":{"start":{"line":42,"column":5},"end":{"line":42,"column":58}},"5":{"start":{"line":44,"column":24},"end":{"line":44,"column":63}},"6":{"start":{"line":46,"column":6},"end":{"line":46,"column":26}},"7":{"start":{"line":47,"column":6},"end":{"line":55,"column":9}},"8":{"start":{"line":49,"column":25},"end":{"line":49,"column":39}},"9":{"start":{"line":52,"column":9},"end":{"line":52,"column":68}},"10":{"start":{"line":53,"column":9},"end":{"line":53,"column":64}},"11":{"start":{"line":57,"column":6},"end":{"line":57,"column":56}},"12":{"start":{"line":58,"column":6},"end":{"line":58,"column":52}},"13":{"start":{"line":91,"column":2},"end":{"line":132,"column":4}},"14":{"start":{"line":94,"column":5},"end":{"line":94,"column":58}},"15":{"start":{"line":97,"column":25},"end":{"line":97,"column":55}},"16":{"start":{"line":98,"column":6},"end":{"line":98,"column":26}},"17":{"start":{"line":99,"column":6},"end":{"line":126,"column":9}},"18":{"start":{"line":103,"column":9},"end":{"line":116,"column":12}},"19":{"start":{"line":106,"column":12},"end":{"line":108,"column":67}},"20":{"start":{"line":112,"column":28},"end":{"line":112,"column":42}},"21":{"start":{"line":115,"column":12},"end":{"line":115,"column":66}},"22":{"start":{"line":121,"column":9},"end":{"line":123,"column":11}},"23":{"start":{"line":124,"column":9},"end":{"line":124,"column":64}},"24":{"start":{"line":128,"column":6},"end":{"line":128,"column":52}},"25":{"start":{"line":146,"column":2},"end":{"line":169,"column":4}},"26":{"start":{"line":149,"column":5},"end":{"line":149,"column":58}},"27":{"start":{"line":152,"column":25},"end":{"line":152,"column":64}},"28":{"start":{"line":153,"column":6},"end":{"line":153,"column":26}},"29":{"start":{"line":154,"column":6},"end":{"line":162,"column":9}},"30":{"start":{"line":156,"column":25},"end":{"line":156,"column":39}},"31":{"start":{"line":159,"column":9},"end":{"line":159,"column":54}},"32":{"start":{"line":160,"column":9},"end":{"line":160,"column":50}},"33":{"start":{"line":164,"column":6},"end":{"line":164,"column":56}},"34":{"start":{"line":165,"column":6},"end":{"line":165,"column":52}},"35":{"start":{"line":183,"column":2},"end":{"line":206,"column":4}},"36":{"start":{"line":186,"column":5},"end":{"line":186,"column":58}},"37":{"start":{"line":189,"column":25},"end":{"line":189,"column":64}},"38":{"start":{"line":190,"column":6},"end":{"line":190,"column":26}},"39":{"start":{"line":191,"column":6},"end":{"line":199,"column":9}},"40":{"start":{"line":193,"column":25},"end":{"line":193,"column":39}},"41":{"start":{"line":196,"column":9},"end":{"line":196,"column":54}},"42":{"start":{"line":197,"column":9},"end":{"line":197,"column":50}},"43":{"start":{"line":201,"column":6},"end":{"line":201,"column":56}},"44":{"start":{"line":202,"column":6},"end":{"line":202,"column":52}},"45":{"start":{"line":220,"column":2},"end":{"line":242,"column":4}},"46":{"start":{"line":223,"column":5},"end":{"line":223,"column":58}},"47":{"start":{"line":226,"column":25},"end":{"line":226,"column":64}},"48":{"start":{"line":227,"column":6},"end":{"line":227,"column":26}},"49":{"start":{"line":228,"column":6},"end":{"line":236,"column":9}},"50":{"start":{"line":230,"column":25},"end":{"line":230,"column":39}},"51":{"start":{"line":233,"column":9},"end":{"line":233,"column":54}},"52":{"start":{"line":234,"column":9},"end":{"line":234,"column":50}},"53":{"start":{"line":238,"column":6},"end":{"line":238,"column":52}},"54":{"start":{"line":264,"column":2},"end":{"line":304,"column":4}},"55":{"start":{"line":267,"column":5},"end":{"line":267,"column":58}},"56":{"start":{"line":270,"column":25},"end":{"line":270,"column":55}},"57":{"start":{"line":271,"column":6},"end":{"line":271,"column":26}},"58":{"start":{"line":272,"column":6},"end":{"line":297,"column":9}},"59":{"start":{"line":276,"column":9},"end":{"line":289,"column":13}},"60":{"start":{"line":278,"column":11},"end":{"line":280,"column":66}},"61":{"start":{"line":283,"column":28},"end":{"line":283,"column":42}},"62":{"start":{"line":285,"column":11},"end":{"line":287,"column":13}},"63":{"start":{"line":288,"column":11},"end":{"line":288,"column":66}},"64":{"start":{"line":294,"column":9},"end":{"line":294,"column":68}},"65":{"start":{"line":295,"column":9},"end":{"line":295,"column":64}},"66":{"start":{"line":299,"column":6},"end":{"line":299,"column":56}},"67":{"start":{"line":300,"column":6},"end":{"line":300,"column":52}},"68":{"start":{"line":319,"column":2},"end":{"line":353,"column":4}},"69":{"start":{"line":322,"column":24},"end":{"line":322,"column":52}},"70":{"start":{"line":323,"column":5},"end":{"line":323,"column":25}},"71":{"start":{"line":324,"column":5},"end":{"line":347,"column":8}},"72":{"start":{"line":328,"column":8},"end":{"line":339,"column":11}},"73":{"start":{"line":331,"column":27},"end":{"line":331,"column":41}},"74":{"start":{"line":334,"column":11},"end":{"line":336,"column":13}},"75":{"start":{"line":337,"column":11},"end":{"line":337,"column":66}},"76":{"start":{"line":344,"column":8},"end":{"line":344,"column":67}},"77":{"start":{"line":345,"column":8},"end":{"line":345,"column":63}},"78":{"start":{"line":349,"column":5},"end":{"line":349,"column":55}},"79":{"start":{"line":350,"column":5},"end":{"line":350,"column":51}},"80":{"start":{"line":372,"column":2},"end":{"line":406,"column":4}},"81":{"start":{"line":375,"column":24},"end":{"line":375,"column":54}},"82":{"start":{"line":376,"column":5},"end":{"line":376,"column":25}},"83":{"start":{"line":377,"column":5},"end":{"line":400,"column":8}},"84":{"start":{"line":381,"column":8},"end":{"line":392,"column":11}},"85":{"start":{"line":384,"column":27},"end":{"line":384,"column":41}},"86":{"start":{"line":387,"column":11},"end":{"line":389,"column":13}},"87":{"start":{"line":390,"column":11},"end":{"line":390,"column":66}},"88":{"start":{"line":397,"column":8},"end":{"line":397,"column":67}},"89":{"start":{"line":398,"column":8},"end":{"line":398,"column":63}},"90":{"start":{"line":402,"column":5},"end":{"line":402,"column":55}},"91":{"start":{"line":403,"column":5},"end":{"line":403,"column":51}},"92":{"start":{"line":424,"column":2},"end":{"line":464,"column":4}},"93":{"start":{"line":427,"column":24},"end":{"line":427,"column":52}},"94":{"start":{"line":428,"column":5},"end":{"line":428,"column":25}},"95":{"start":{"line":429,"column":5},"end":{"line":458,"column":8}},"96":{"start":{"line":433,"column":8},"end":{"line":450,"column":11}},"97":{"start":{"line":436,"column":11},"end":{"line":438,"column":66}},"98":{"start":{"line":442,"column":27},"end":{"line":442,"column":41}},"99":{"start":{"line":445,"column":11},"end":{"line":447,"column":13}},"100":{"start":{"line":448,"column":11},"end":{"line":448,"column":66}},"101":{"start":{"line":455,"column":8},"end":{"line":455,"column":67}},"102":{"start":{"line":456,"column":8},"end":{"line":456,"column":63}},"103":{"start":{"line":460,"column":5},"end":{"line":460,"column":55}},"104":{"start":{"line":461,"column":5},"end":{"line":461,"column":51}},"105":{"start":{"line":479,"column":2},"end":{"line":503,"column":4}},"106":{"start":{"line":481,"column":4},"end":{"line":501,"column":7}},"107":{"start":{"line":485,"column":7},"end":{"line":485,"column":46}},"108":{"start":{"line":487,"column":8},"end":{"line":487,"column":48}},"109":{"start":{"line":489,"column":8},"end":{"line":489,"column":65}},"110":{"start":{"line":494,"column":23},"end":{"line":494,"column":32}},"111":{"start":{"line":498,"column":7},"end":{"line":498,"column":53}},"112":{"start":{"line":499,"column":7},"end":{"line":499,"column":17}},"113":{"start":{"line":508,"column":2},"end":{"line":508,"column":16}},"114":{"start":{"line":517,"column":2},"end":{"line":517,"column":46}},"115":{"start":{"line":525,"column":2},"end":{"line":525,"column":30}},"116":{"start":{"line":534,"column":2},"end":{"line":534,"column":33}},"117":{"start":{"line":543,"column":3},"end":{"line":543,"column":34}},"118":{"start":{"line":545,"column":3},"end":{"line":545,"column":36}},"119":{"start":{"line":554,"column":2},"end":{"line":554,"column":29}},"120":{"start":{"line":556,"column":20},"end":{"line":560,"column":5}},"121":{"start":{"line":561,"column":3},"end":{"line":561,"column":34}},"122":{"start":{"line":563,"column":3},"end":{"line":563,"column":53}},"123":{"start":{"line":20,"column":0},"end":{"line":20,"column":21}}},"fnMap":{"0":{"name":"(anonymous_0)","decl":{"start":{"line":32,"column":8},"end":{"line":32,"column":14}},"loc":{"start":{"line":37,"column":32},"end":{"line":63,"column":2}}},"1":{"name":"(anonymous_1)","decl":{"start":{"line":40,"column":3},"end":{"line":40,"column":8}},"loc":{"start":{"line":40,"column":44},"end":{"line":61,"column":4}}},"2":{"name":"(anonymous_2)","decl":{"start":{"line":49,"column":13},"end":{"line":49,"column":22}},"loc":{"start":{"line":49,"column":25},"end":{"line":49,"column":39}}},"3":{"name":"(anonymous_3)","decl":{"start":{"line":51,"column":8},"end":{"line":51,"column":9}},"loc":{"start":{"line":51,"column":20},"end":{"line":54,"column":9}}},"4":{"name":"(anonymous_4)","decl":{"start":{"line":83,"column":8},"end":{"line":83,"column":14}},"loc":{"start":{"line":89,"column":32},"end":{"line":133,"column":2}}},"5":{"name":"(anonymous_5)","decl":{"start":{"line":92,"column":3},"end":{"line":92,"column":8}},"loc":{"start":{"line":92,"column":44},"end":{"line":131,"column":4}}},"6":{"name":"(anonymous_6)","decl":{"start":{"line":102,"column":8},"end":{"line":102,"column":17}},"loc":{"start":{"line":102,"column":19},"end":{"line":117,"column":9}}},"7":{"name":"(anonymous_7)","decl":{"start":{"line":105,"column":11},"end":{"line":105,"column":12}},"loc":{"start":{"line":105,"column":58},"end":{"line":109,"column":12}}},"8":{"name":"(anonymous_8)","decl":{"start":{"line":112,"column":16},"end":{"line":112,"column":25}},"loc":{"start":{"line":112,"column":28},"end":{"line":112,"column":42}}},"9":{"name":"(anonymous_9)","decl":{"start":{"line":114,"column":11},"end":{"line":114,"column":12}},"loc":{"start":{"line":115,"column":12},"end":{"line":115,"column":66}}},"10":{"name":"(anonymous_10)","decl":{"start":{"line":120,"column":8},"end":{"line":120,"column":9}},"loc":{"start":{"line":120,"column":20},"end":{"line":125,"column":9}}},"11":{"name":"(anonymous_11)","decl":{"start":{"line":142,"column":8},"end":{"line":142,"column":14}},"loc":{"start":{"line":144,"column":14},"end":{"line":170,"column":2}}},"12":{"name":"(anonymous_12)","decl":{"start":{"line":147,"column":3},"end":{"line":147,"column":8}},"loc":{"start":{"line":147,"column":44},"end":{"line":168,"column":4}}},"13":{"name":"(anonymous_13)","decl":{"start":{"line":156,"column":13},"end":{"line":156,"column":22}},"loc":{"start":{"line":156,"column":25},"end":{"line":156,"column":39}}},"14":{"name":"(anonymous_14)","decl":{"start":{"line":158,"column":8},"end":{"line":158,"column":9}},"loc":{"start":{"line":158,"column":20},"end":{"line":161,"column":9}}},"15":{"name":"(anonymous_15)","decl":{"start":{"line":179,"column":8},"end":{"line":179,"column":14}},"loc":{"start":{"line":181,"column":14},"end":{"line":207,"column":2}}},"16":{"name":"(anonymous_16)","decl":{"start":{"line":184,"column":3},"end":{"line":184,"column":8}},"loc":{"start":{"line":184,"column":44},"end":{"line":205,"column":4}}},"17":{"name":"(anonymous_17)","decl":{"start":{"line":193,"column":13},"end":{"line":193,"column":22}},"loc":{"start":{"line":193,"column":25},"end":{"line":193,"column":39}}},"18":{"name":"(anonymous_18)","decl":{"start":{"line":195,"column":8},"end":{"line":195,"column":9}},"loc":{"start":{"line":195,"column":20},"end":{"line":198,"column":9}}},"19":{"name":"(anonymous_19)","decl":{"start":{"line":216,"column":8},"end":{"line":216,"column":14}},"loc":{"start":{"line":218,"column":14},"end":{"line":243,"column":2}}},"20":{"name":"(anonymous_20)","decl":{"start":{"line":221,"column":3},"end":{"line":221,"column":8}},"loc":{"start":{"line":221,"column":44},"end":{"line":241,"column":4}}},"21":{"name":"(anonymous_21)","decl":{"start":{"line":230,"column":13},"end":{"line":230,"column":22}},"loc":{"start":{"line":230,"column":25},"end":{"line":230,"column":39}}},"22":{"name":"(anonymous_22)","decl":{"start":{"line":232,"column":8},"end":{"line":232,"column":9}},"loc":{"start":{"line":232,"column":20},"end":{"line":235,"column":9}}},"23":{"name":"(anonymous_23)","decl":{"start":{"line":259,"column":8},"end":{"line":259,"column":14}},"loc":{"start":{"line":262,"column":28},"end":{"line":305,"column":2}}},"24":{"name":"(anonymous_24)","decl":{"start":{"line":265,"column":3},"end":{"line":265,"column":8}},"loc":{"start":{"line":265,"column":44},"end":{"line":303,"column":4}}},"25":{"name":"(anonymous_25)","decl":{"start":{"line":275,"column":8},"end":{"line":275,"column":17}},"loc":{"start":{"line":275,"column":19},"end":{"line":290,"column":9}}},"26":{"name":"(anonymous_26)","decl":{"start":{"line":277,"column":26},"end":{"line":277,"column":27}},"loc":{"start":{"line":277,"column":73},"end":{"line":281,"column":11}}},"27":{"name":"(anonymous_27)","decl":{"start":{"line":283,"column":16},"end":{"line":283,"column":25}},"loc":{"start":{"line":283,"column":28},"end":{"line":283,"column":42}}},"28":{"name":"(anonymous_28)","decl":{"start":{"line":284,"column":17},"end":{"line":284,"column":18}},"loc":{"start":{"line":284,"column":29},"end":{"line":289,"column":11}}},"29":{"name":"(anonymous_29)","decl":{"start":{"line":293,"column":8},"end":{"line":293,"column":9}},"loc":{"start":{"line":293,"column":20},"end":{"line":296,"column":9}}},"30":{"name":"(anonymous_30)","decl":{"start":{"line":316,"column":8},"end":{"line":316,"column":14}},"loc":{"start":{"line":317,"column":20},"end":{"line":354,"column":2}}},"31":{"name":"(anonymous_31)","decl":{"start":{"line":320,"column":3},"end":{"line":320,"column":8}},"loc":{"start":{"line":320,"column":44},"end":{"line":352,"column":4}}},"32":{"name":"(anonymous_32)","decl":{"start":{"line":327,"column":7},"end":{"line":327,"column":16}},"loc":{"start":{"line":327,"column":18},"end":{"line":340,"column":8}}},"33":{"name":"(anonymous_33)","decl":{"start":{"line":331,"column":15},"end":{"line":331,"column":24}},"loc":{"start":{"line":331,"column":27},"end":{"line":331,"column":41}}},"34":{"name":"(anonymous_34)","decl":{"start":{"line":333,"column":10},"end":{"line":333,"column":11}},"loc":{"start":{"line":333,"column":22},"end":{"line":338,"column":11}}},"35":{"name":"(anonymous_35)","decl":{"start":{"line":343,"column":7},"end":{"line":343,"column":8}},"loc":{"start":{"line":343,"column":19},"end":{"line":346,"column":8}}},"36":{"name":"(anonymous_36)","decl":{"start":{"line":368,"column":8},"end":{"line":368,"column":14}},"loc":{"start":{"line":370,"column":14},"end":{"line":407,"column":2}}},"37":{"name":"(anonymous_37)","decl":{"start":{"line":373,"column":3},"end":{"line":373,"column":8}},"loc":{"start":{"line":373,"column":44},"end":{"line":405,"column":4}}},"38":{"name":"(anonymous_38)","decl":{"start":{"line":380,"column":7},"end":{"line":380,"column":16}},"loc":{"start":{"line":380,"column":18},"end":{"line":393,"column":8}}},"39":{"name":"(anonymous_39)","decl":{"start":{"line":384,"column":15},"end":{"line":384,"column":24}},"loc":{"start":{"line":384,"column":27},"end":{"line":384,"column":41}}},"40":{"name":"(anonymous_40)","decl":{"start":{"line":386,"column":10},"end":{"line":386,"column":11}},"loc":{"start":{"line":386,"column":22},"end":{"line":391,"column":11}}},"41":{"name":"(anonymous_41)","decl":{"start":{"line":396,"column":7},"end":{"line":396,"column":8}},"loc":{"start":{"line":396,"column":19},"end":{"line":399,"column":8}}},"42":{"name":"(anonymous_42)","decl":{"start":{"line":420,"column":8},"end":{"line":420,"column":14}},"loc":{"start":{"line":422,"column":23},"end":{"line":465,"column":2}}},"43":{"name":"(anonymous_43)","decl":{"start":{"line":425,"column":3},"end":{"line":425,"column":8}},"loc":{"start":{"line":425,"column":44},"end":{"line":463,"column":4}}},"44":{"name":"(anonymous_44)","decl":{"start":{"line":432,"column":7},"end":{"line":432,"column":16}},"loc":{"start":{"line":432,"column":18},"end":{"line":451,"column":8}}},"45":{"name":"(anonymous_45)","decl":{"start":{"line":435,"column":10},"end":{"line":435,"column":11}},"loc":{"start":{"line":435,"column":57},"end":{"line":439,"column":11}}},"46":{"name":"(anonymous_46)","decl":{"start":{"line":442,"column":15},"end":{"line":442,"column":24}},"loc":{"start":{"line":442,"column":27},"end":{"line":442,"column":41}}},"47":{"name":"(anonymous_47)","decl":{"start":{"line":444,"column":10},"end":{"line":444,"column":11}},"loc":{"start":{"line":444,"column":22},"end":{"line":449,"column":11}}},"48":{"name":"(anonymous_48)","decl":{"start":{"line":454,"column":7},"end":{"line":454,"column":8}},"loc":{"start":{"line":454,"column":19},"end":{"line":457,"column":8}}},"49":{"name":"(anonymous_49)","decl":{"start":{"line":474,"column":8},"end":{"line":474,"column":15}},"loc":{"start":{"line":477,"column":27},"end":{"line":504,"column":2}}},"50":{"name":"(anonymous_50)","decl":{"start":{"line":480,"column":3},"end":{"line":480,"column":4}},"loc":{"start":{"line":480,"column":29},"end":{"line":502,"column":4}}},"51":{"name":"(anonymous_51)","decl":{"start":{"line":484,"column":6},"end":{"line":484,"column":7}},"loc":{"start":{"line":484,"column":29},"end":{"line":491,"column":7}}},"52":{"name":"(anonymous_52)","decl":{"start":{"line":494,"column":11},"end":{"line":494,"column":20}},"loc":{"start":{"line":494,"column":23},"end":{"line":494,"column":32}}},"53":{"name":"(anonymous_53)","decl":{"start":{"line":496,"column":6},"end":{"line":496,"column":7}},"loc":{"start":{"line":496,"column":18},"end":{"line":500,"column":7}}},"54":{"name":"(anonymous_54)","decl":{"start":{"line":507,"column":8},"end":{"line":507,"column":13}},"loc":{"start":{"line":507,"column":13},"end":{"line":509,"column":2}}},"55":{"name":"(anonymous_55)","decl":{"start":{"line":516,"column":8},"end":{"line":516,"column":12}},"loc":{"start":{"line":516,"column":46},"end":{"line":518,"column":2}}},"56":{"name":"(anonymous_56)","decl":{"start":{"line":524,"column":8},"end":{"line":524,"column":11}},"loc":{"start":{"line":524,"column":28},"end":{"line":526,"column":2}}},"57":{"name":"(anonymous_57)","decl":{"start":{"line":533,"column":8},"end":{"line":533,"column":16}},"loc":{"start":{"line":533,"column":30},"end":{"line":535,"column":2}}},"58":{"name":"(anonymous_58)","decl":{"start":{"line":537,"column":1},"end":{"line":537,"column":null}},"loc":{"start":{"line":540,"column":14},"end":{"line":547,"column":2}}},"59":{"name":"(anonymous_59)","decl":{"start":{"line":549,"column":9},"end":{"line":549,"column":14}},"loc":{"start":{"line":552,"column":24},"end":{"line":565,"column":2}}}},"branchMap":{"0":{"loc":{"start":{"line":35,"column":23},"end":{"line":35,"column":27}},"type":"default-arg","locations":[{"start":{"line":35,"column":23},"end":{"line":35,"column":27}}]},"1":{"loc":{"start":{"line":36,"column":25},"end":{"line":36,"column":30}},"type":"default-arg","locations":[{"start":{"line":36,"column":25},"end":{"line":36,"column":30}}]},"2":{"loc":{"start":{"line":37,"column":27},"end":{"line":37,"column":32}},"type":"default-arg","locations":[{"start":{"line":37,"column":27},"end":{"line":37,"column":32}}]},"3":{"loc":{"start":{"line":41,"column":8},"end":{"line":41,"column":20}},"type":"binary-expr","locations":[{"start":{"line":41,"column":8},"end":{"line":41,"column":20}},{"start":{"line":41,"column":24},"end":{"line":41,"column":34}}]},"4":{"loc":{"start":{"line":86,"column":26},"end":{"line":86,"column":28}},"type":"default-arg","locations":[{"start":{"line":86,"column":26},"end":{"line":86,"column":28}}]},"5":{"loc":{"start":{"line":87,"column":23},"end":{"line":87,"column":27}},"type":"default-arg","locations":[{"start":{"line":87,"column":23},"end":{"line":87,"column":27}}]},"6":{"loc":{"start":{"line":88,"column":25},"end":{"line":88,"column":30}},"type":"default-arg","locations":[{"start":{"line":88,"column":25},"end":{"line":88,"column":30}}]},"7":{"loc":{"start":{"line":89,"column":27},"end":{"line":89,"column":32}},"type":"default-arg","locations":[{"start":{"line":89,"column":27},"end":{"line":89,"column":32}}]},"8":{"loc":{"start":{"line":93,"column":8},"end":{"line":93,"column":20}},"type":"binary-expr","locations":[{"start":{"line":93,"column":8},"end":{"line":93,"column":20}},{"start":{"line":93,"column":24},"end":{"line":93,"column":34}}]},"9":{"loc":{"start":{"line":148,"column":8},"end":{"line":148,"column":20}},"type":"binary-expr","locations":[{"start":{"line":148,"column":8},"end":{"line":148,"column":20}},{"start":{"line":148,"column":24},"end":{"line":148,"column":34}}]},"10":{"loc":{"start":{"line":185,"column":8},"end":{"line":185,"column":20}},"type":"binary-expr","locations":[{"start":{"line":185,"column":8},"end":{"line":185,"column":20}},{"start":{"line":185,"column":24},"end":{"line":185,"column":34}}]},"11":{"loc":{"start":{"line":222,"column":8},"end":{"line":222,"column":20}},"type":"binary-expr","locations":[{"start":{"line":222,"column":8},"end":{"line":222,"column":20}},{"start":{"line":222,"column":24},"end":{"line":222,"column":34}}]},"12":{"loc":{"start":{"line":262,"column":26},"end":{"line":262,"column":28}},"type":"default-arg","locations":[{"start":{"line":262,"column":26},"end":{"line":262,"column":28}}]},"13":{"loc":{"start":{"line":266,"column":8},"end":{"line":266,"column":20}},"type":"binary-expr","locations":[{"start":{"line":266,"column":8},"end":{"line":266,"column":20}},{"start":{"line":266,"column":24},"end":{"line":266,"column":34}}]}},"s":{"0":2,"1":2,"2":2,"3":17,"4":1,"5":16,"6":16,"7":15,"8":13,"9":2,"10":2,"11":1,"12":1,"13":6,"14":1,"15":5,"16":5,"17":4,"18":4,"19":3,"20":2,"21":1,"22":1,"23":1,"24":1,"25":4,"26":1,"27":3,"28":3,"29":2,"30":1,"31":1,"32":1,"33":1,"34":1,"35":4,"36":1,"37":3,"38":3,"39":2,"40":1,"41":1,"42":1,"43":1,"44":1,"45":4,"46":1,"47":3,"48":3,"49":2,"50":1,"51":1,"52":1,"53":1,"54":7,"55":1,"56":6,"57":6,"58":5,"59":5,"60":4,"61":3,"62":1,"63":1,"64":1,"65":1,"66":1,"67":1,"68":4,"69":4,"70":4,"71":3,"72":3,"73":1,"74":1,"75":1,"76":1,"77":1,"78":1,"79":1,"80":4,"81":4,"82":4,"83":3,"84":3,"85":1,"86":1,"87":1,"88":1,"89":1,"90":1,"91":1,"92":5,"93":5,"94":5,"95":4,"96":4,"97":4,"98":2,"99":1,"100":1,"101":1,"102":1,"103":1,"104":1,"105":7,"106":7,"107":6,"108":6,"109":2,"110":6,"111":1,"112":1,"113":2,"114":2,"115":3,"116":1,"117":25,"118":24,"119":40,"120":40,"121":35,"122":5,"123":2},"f":{"0":17,"1":17,"2":13,"3":2,"4":6,"5":6,"6":4,"7":3,"8":2,"9":1,"10":1,"11":4,"12":4,"13":1,"14":1,"15":4,"16":4,"17":1,"18":1,"19":4,"20":4,"21":1,"22":1,"23":7,"24":7,"25":5,"26":4,"27":3,"28":1,"29":1,"30":4,"31":4,"32":3,"33":1,"34":1,"35":1,"36":4,"37":4,"38":3,"39":1,"40":1,"41":1,"42":5,"43":5,"44":4,"45":4,"46":2,"47":1,"48":1,"49":7,"50":7,"51":6,"52":6,"53":1,"54":2,"55":2,"56":3,"57":1,"58":49,"59":40},"b":{"0":[1],"1":[1],"2":[1],"3":[17,17],"4":[2],"5":[6],"6":[6],"7":[6],"8":[6,6],"9":[4,4],"10":[4,4],"11":[4,4],"12":[2],"13":[7,7]}}
}
