{"/home/circleci/app/src/adapter/messaging/rabbitmq/BrokerChannel.ts": {"path":"/home/circleci/app/src/adapter/messaging/rabbitmq/BrokerChannel.ts","statementMap":{"0":{"start":{"line":3,"column":0},"end":{"line":3,"column":56}},"1":{"start":{"line":4,"column":0},"end":{"line":4,"column":34}},"2":{"start":{"line":31,"column":2},"end":{"line":31,"column":20}},"3":{"start":{"line":35,"column":2},"end":{"line":35,"column":20}},"4":{"start":{"line":39,"column":2},"end":{"line":39,"column":25}},"5":{"start":{"line":57,"column":2},"end":{"line":57,"column":10}},"6":{"start":{"line":59,"column":3},"end":{"line":59,"column":48}},"7":{"start":{"line":61,"column":3},"end":{"line":61,"column":47}},"8":{"start":{"line":61,"column":25},"end":{"line":61,"column":46}},"9":{"start":{"line":61,"column":42},"end":{"line":61,"column":45}},"10":{"start":{"line":63,"column":3},"end":{"line":64,"column":60}},"11":{"start":{"line":64,"column":4},"end":{"line":64,"column":59}},"12":{"start":{"line":72,"column":35},"end":{"line":73,"column":null}},"13":{"start":{"line":75,"column":2},"end":{"line":75,"column":21}},"14":{"start":{"line":76,"column":2},"end":{"line":76,"column":62}},"15":{"start":{"line":87,"column":2},"end":{"line":115,"column":4}},"16":{"start":{"line":88,"column":3},"end":{"line":114,"column":6}},"17":{"start":{"line":91,"column":5},"end":{"line":91,"column":30}},"18":{"start":{"line":92,"column":5},"end":{"line":95,"column":8}},"19":{"start":{"line":93,"column":6},"end":{"line":93,"column":31}},"20":{"start":{"line":94,"column":6},"end":{"line":94,"column":26}},"21":{"start":{"line":96,"column":5},"end":{"line":109,"column":9}},"22":{"start":{"line":99,"column":7},"end":{"line":99,"column":27}},"23":{"start":{"line":100,"column":7},"end":{"line":100,"column":17}},"24":{"start":{"line":101,"column":7},"end":{"line":104,"column":10}},"25":{"start":{"line":102,"column":8},"end":{"line":102,"column":30}},"26":{"start":{"line":103,"column":8},"end":{"line":103,"column":28}},"27":{"start":{"line":107,"column":7},"end":{"line":107,"column":16}},"28":{"start":{"line":108,"column":7},"end":{"line":108,"column":29}},"29":{"start":{"line":112,"column":5},"end":{"line":112,"column":15}},"30":{"start":{"line":113,"column":5},"end":{"line":113,"column":30}},"31":{"start":{"line":119,"column":2},"end":{"line":119,"column":37}},"32":{"start":{"line":120,"column":2},"end":{"line":120,"column":21}},"33":{"start":{"line":121,"column":2},"end":{"line":121,"column":49}},"34":{"start":{"line":122,"column":2},"end":{"line":122,"column":43}},"35":{"start":{"line":126,"column":2},"end":{"line":126,"column":23}},"36":{"start":{"line":146,"column":4},"end":{"line":146,"column":27}},"37":{"start":{"line":154,"column":4},"end":{"line":154,"column":30}},"38":{"start":{"line":160,"column":2},"end":{"line":160,"column":24}},"39":{"start":{"line":161,"column":2},"end":{"line":161,"column":27}},"40":{"start":{"line":170,"column":35},"end":{"line":170,"column":58}},"41":{"start":{"line":172,"column":2},"end":{"line":172,"column":48}},"42":{"start":{"line":175,"column":3},"end":{"line":175,"column":45}},"43":{"start":{"line":178,"column":2},"end":{"line":178,"column":58}},"44":{"start":{"line":181,"column":3},"end":{"line":181,"column":53}},"45":{"start":{"line":182,"column":3},"end":{"line":182,"column":53}},"46":{"start":{"line":185,"column":2},"end":{"line":185,"column":17}},"47":{"start":{"line":192,"column":2},"end":{"line":192,"column":23}},"48":{"start":{"line":199,"column":2},"end":{"line":199,"column":26}},"49":{"start":{"line":206,"column":2},"end":{"line":206,"column":15}},"50":{"start":{"line":213,"column":2},"end":{"line":213,"column":46}},"51":{"start":{"line":220,"column":2},"end":{"line":220,"column":15}},"52":{"start":{"line":227,"column":2},"end":{"line":227,"column":43}},"53":{"start":{"line":234,"column":2},"end":{"line":234,"column":20}},"54":{"start":{"line":241,"column":2},"end":{"line":241,"column":26}},"55":{"start":{"line":248,"column":2},"end":{"line":248,"column":26}},"56":{"start":{"line":255,"column":2},"end":{"line":255,"column":32}},"57":{"start":{"line":262,"column":2},"end":{"line":262,"column":20}},"58":{"start":{"line":11,"column":0},"end":{"line":11,"column":22}}},"fnMap":{"0":{"name":"(anonymous_0)","decl":{"start":{"line":30,"column":1},"end":{"line":30,"column":5}},"loc":{"start":{"line":30,"column":5},"end":{"line":32,"column":2}}},"1":{"name":"(anonymous_1)","decl":{"start":{"line":34,"column":1},"end":{"line":34,"column":5}},"loc":{"start":{"line":34,"column":5},"end":{"line":36,"column":2}}},"2":{"name":"(anonymous_2)","decl":{"start":{"line":38,"column":1},"end":{"line":38,"column":6}},"loc":{"start":{"line":38,"column":6},"end":{"line":40,"column":2}}},"3":{"name":"(anonymous_3)","decl":{"start":{"line":52,"column":1},"end":{"line":52,"column":null}},"loc":{"start":{"line":55,"column":37},"end":{"line":66,"column":2}}},"4":{"name":"(anonymous_4)","decl":{"start":{"line":61,"column":19},"end":{"line":61,"column":22}},"loc":{"start":{"line":61,"column":25},"end":{"line":61,"column":46}}},"5":{"name":"(anonymous_5)","decl":{"start":{"line":61,"column":37},"end":{"line":61,"column":38}},"loc":{"start":{"line":61,"column":42},"end":{"line":61,"column":45}}},"6":{"name":"(anonymous_6)","decl":{"start":{"line":63,"column":19},"end":{"line":63,"column":22}},"loc":{"start":{"line":64,"column":4},"end":{"line":64,"column":59}}},"7":{"name":"(anonymous_7)","decl":{"start":{"line":68,"column":9},"end":{"line":68,"column":34}},"loc":{"start":{"line":70,"column":14},"end":{"line":77,"column":2}}},"8":{"name":"(anonymous_8)","decl":{"start":{"line":84,"column":9},"end":{"line":84,"column":47}},"loc":{"start":{"line":85,"column":28},"end":{"line":116,"column":2}}},"9":{"name":"(anonymous_9)","decl":{"start":{"line":87,"column":21},"end":{"line":87,"column":22}},"loc":{"start":{"line":88,"column":3},"end":{"line":114,"column":6}}},"10":{"name":"(anonymous_10)","decl":{"start":{"line":90,"column":10},"end":{"line":90,"column":14}},"loc":{"start":{"line":90,"column":17},"end":{"line":110,"column":5}}},"11":{"name":"(anonymous_11)","decl":{"start":{"line":92,"column":24},"end":{"line":92,"column":27}},"loc":{"start":{"line":92,"column":29},"end":{"line":95,"column":6}}},"12":{"name":"(anonymous_12)","decl":{"start":{"line":98,"column":12},"end":{"line":98,"column":14}},"loc":{"start":{"line":98,"column":17},"end":{"line":105,"column":7}}},"13":{"name":"(anonymous_13)","decl":{"start":{"line":101,"column":24},"end":{"line":101,"column":27}},"loc":{"start":{"line":101,"column":29},"end":{"line":104,"column":8}}},"14":{"name":"(anonymous_14)","decl":{"start":{"line":106,"column":13},"end":{"line":106,"column":14}},"loc":{"start":{"line":106,"column":17},"end":{"line":109,"column":7}}},"15":{"name":"(anonymous_15)","decl":{"start":{"line":111,"column":11},"end":{"line":111,"column":12}},"loc":{"start":{"line":111,"column":15},"end":{"line":114,"column":5}}},"16":{"name":"(anonymous_16)","decl":{"start":{"line":118,"column":9},"end":{"line":118,"column":27}},"loc":{"start":{"line":118,"column":70},"end":{"line":123,"column":2}}},"17":{"name":"(anonymous_17)","decl":{"start":{"line":125,"column":11},"end":{"line":125,"column":18}},"loc":{"start":{"line":125,"column":18},"end":{"line":127,"column":2}}},"18":{"name":"(anonymous_18)","decl":{"start":{"line":132,"column":11},"end":{"line":132,"column":16}},"loc":{"start":{"line":132,"column":16},"end":{"line":162,"column":2}}},"19":{"name":"(anonymous_19)","decl":{"start":{"line":167,"column":11},"end":{"line":167,"column":42}},"loc":{"start":{"line":168,"column":38},"end":{"line":186,"column":2}}},"20":{"name":"(anonymous_20)","decl":{"start":{"line":191,"column":11},"end":{"line":191,"column":20}},"loc":{"start":{"line":191,"column":20},"end":{"line":193,"column":2}}},"21":{"name":"(anonymous_21)","decl":{"start":{"line":198,"column":11},"end":{"line":198,"column":21}},"loc":{"start":{"line":198,"column":38},"end":{"line":200,"column":2}}},"22":{"name":"(anonymous_22)","decl":{"start":{"line":205,"column":11},"end":{"line":205,"column":21}},"loc":{"start":{"line":205,"column":21},"end":{"line":207,"column":2}}},"23":{"name":"(anonymous_23)","decl":{"start":{"line":212,"column":11},"end":{"line":212,"column":23}},"loc":{"start":{"line":212,"column":23},"end":{"line":214,"column":2}}},"24":{"name":"(anonymous_24)","decl":{"start":{"line":219,"column":11},"end":{"line":219,"column":18}},"loc":{"start":{"line":219,"column":18},"end":{"line":221,"column":2}}},"25":{"name":"(anonymous_25)","decl":{"start":{"line":226,"column":11},"end":{"line":226,"column":20}},"loc":{"start":{"line":226,"column":20},"end":{"line":228,"column":2}}},"26":{"name":"(anonymous_26)","decl":{"start":{"line":233,"column":11},"end":{"line":233,"column":18}},"loc":{"start":{"line":233,"column":31},"end":{"line":235,"column":2}}},"27":{"name":"(anonymous_27)","decl":{"start":{"line":240,"column":9},"end":{"line":240,"column":19}},"loc":{"start":{"line":240,"column":36},"end":{"line":242,"column":2}}},"28":{"name":"(anonymous_28)","decl":{"start":{"line":247,"column":9},"end":{"line":247,"column":19}},"loc":{"start":{"line":247,"column":19},"end":{"line":249,"column":2}}},"29":{"name":"(anonymous_29)","decl":{"start":{"line":254,"column":9},"end":{"line":254,"column":22}},"loc":{"start":{"line":254,"column":45},"end":{"line":256,"column":2}}},"30":{"name":"(anonymous_30)","decl":{"start":{"line":261,"column":9},"end":{"line":261,"column":16}},"loc":{"start":{"line":261,"column":29},"end":{"line":263,"column":2}}}},"branchMap":{"0":{"loc":{"start":{"line":53,"column":41},"end":{"line":53,"column":45}},"type":"default-arg","locations":[{"start":{"line":53,"column":41},"end":{"line":53,"column":45}}]},"1":{"loc":{"start":{"line":54,"column":17},"end":{"line":54,"column":36}},"type":"default-arg","locations":[{"start":{"line":54,"column":17},"end":{"line":54,"column":36}}]},"2":{"loc":{"start":{"line":55,"column":33},"end":{"line":55,"column":37}},"type":"default-arg","locations":[{"start":{"line":55,"column":33},"end":{"line":55,"column":37}}]},"3":{"loc":{"start":{"line":213,"column":29},"end":{"line":213,"column":40}},"type":"cond-expr","locations":[{"start":{"line":213,"column":29},"end":{"line":213,"column":40}},{"start":{"line":213,"column":43},"end":{"line":213,"column":45}}]},"4":{"loc":{"start":{"line":227,"column":26},"end":{"line":227,"column":37}},"type":"cond-expr","locations":[{"start":{"line":227,"column":26},"end":{"line":227,"column":37}},{"start":{"line":227,"column":40},"end":{"line":227,"column":42}}]}},"s":{"0":0,"1":0,"2":0,"3":0,"4":0,"5":0,"6":0,"7":0,"8":0,"9":0,"10":0,"11":0,"12":0,"13":0,"14":0,"15":0,"16":0,"17":0,"18":0,"19":0,"20":0,"21":0,"22":0,"23":0,"24":0,"25":0,"26":0,"27":0,"28":0,"29":0,"30":0,"31":0,"32":0,"33":0,"34":0,"35":0,"36":0,"37":0,"38":0,"39":0,"40":0,"41":0,"42":0,"43":0,"44":0,"45":0,"46":0,"47":0,"48":0,"49":0,"50":0,"51":0,"52":0,"53":0,"54":0,"55":0,"56":0,"57":0,"58":0},"f":{"0":0,"1":0,"2":0,"3":0,"4":0,"5":0,"6":0,"7":0,"8":0,"9":0,"10":0,"11":0,"12":0,"13":0,"14":0,"15":0,"16":0,"17":0,"18":0,"19":0,"20":0,"21":0,"22":0,"23":0,"24":0,"25":0,"26":0,"27":0,"28":0,"29":0,"30":0},"b":{"0":[0],"1":[0],"2":[0],"3":[0,0],"4":[0,0]}}
,"/home/circleci/app/src/adapter/messaging/rabbitmq/ConnectionFactory.ts": {"path":"/home/circleci/app/src/adapter/messaging/rabbitmq/ConnectionFactory.ts","statementMap":{"0":{"start":{"line":1,"column":0},"end":{"line":1,"column":61}},"1":{"start":{"line":20,"column":2},"end":{"line":20,"column":20}},"2":{"start":{"line":28,"column":2},"end":{"line":28,"column":20}},"3":{"start":{"line":36,"column":2},"end":{"line":36,"column":27}},"4":{"start":{"line":44,"column":2},"end":{"line":44,"column":34}},"5":{"start":{"line":52,"column":2},"end":{"line":52,"column":24}},"6":{"start":{"line":59,"column":2},"end":{"line":59,"column":28}},"7":{"start":{"line":67,"column":2},"end":{"line":67,"column":24}},"8":{"start":{"line":75,"column":2},"end":{"line":75,"column":28}},"9":{"start":{"line":83,"column":2},"end":{"line":83,"column":28}},"10":{"start":{"line":91,"column":2},"end":{"line":91,"column":24}},"11":{"start":{"line":95,"column":2},"end":{"line":95,"column":22}},"12":{"start":{"line":96,"column":2},"end":{"line":96,"column":18}},"13":{"start":{"line":97,"column":2},"end":{"line":97,"column":25}},"14":{"start":{"line":98,"column":2},"end":{"line":98,"column":22}},"15":{"start":{"line":99,"column":2},"end":{"line":99,"column":22}},"16":{"start":{"line":103,"column":2},"end":{"line":114,"column":5}},"17":{"start":{"line":105,"column":15},"end":{"line":108,"column":null}},"18":{"start":{"line":110,"column":4},"end":{"line":110,"column":18}},"19":{"start":{"line":112,"column":4},"end":{"line":112,"column":14}},"20":{"start":{"line":8,"column":0},"end":{"line":8,"column":13}}},"fnMap":{"0":{"name":"(anonymous_0)","decl":{"start":{"line":19,"column":8},"end":{"line":19,"column":12}},"loc":{"start":{"line":19,"column":12},"end":{"line":21,"column":2}}},"1":{"name":"(anonymous_1)","decl":{"start":{"line":27,"column":8},"end":{"line":27,"column":15}},"loc":{"start":{"line":27,"column":28},"end":{"line":29,"column":2}}},"2":{"name":"(anonymous_2)","decl":{"start":{"line":35,"column":8},"end":{"line":35,"column":19}},"loc":{"start":{"line":35,"column":19},"end":{"line":37,"column":2}}},"3":{"name":"(anonymous_3)","decl":{"start":{"line":43,"column":8},"end":{"line":43,"column":22}},"loc":{"start":{"line":43,"column":42},"end":{"line":45,"column":2}}},"4":{"name":"(anonymous_4)","decl":{"start":{"line":51,"column":8},"end":{"line":51,"column":16}},"loc":{"start":{"line":51,"column":16},"end":{"line":53,"column":2}}},"5":{"name":"(anonymous_5)","decl":{"start":{"line":58,"column":8},"end":{"line":58,"column":19}},"loc":{"start":{"line":58,"column":36},"end":{"line":60,"column":2}}},"6":{"name":"(anonymous_6)","decl":{"start":{"line":66,"column":8},"end":{"line":66,"column":16}},"loc":{"start":{"line":66,"column":16},"end":{"line":68,"column":2}}},"7":{"name":"(anonymous_7)","decl":{"start":{"line":74,"column":8},"end":{"line":74,"column":19}},"loc":{"start":{"line":74,"column":36},"end":{"line":76,"column":2}}},"8":{"name":"(anonymous_8)","decl":{"start":{"line":82,"column":1},"end":{"line":82,"column":8}},"loc":{"start":{"line":82,"column":25},"end":{"line":84,"column":2}}},"9":{"name":"(anonymous_9)","decl":{"start":{"line":90,"column":1},"end":{"line":90,"column":5}},"loc":{"start":{"line":90,"column":5},"end":{"line":92,"column":2}}},"10":{"name":"(anonymous_10)","decl":{"start":{"line":94,"column":1},"end":{"line":94,"column":null}},"loc":{"start":{"line":94,"column":1},"end":{"line":100,"column":2}}},"11":{"name":"(anonymous_11)","decl":{"start":{"line":102,"column":1},"end":{"line":102,"column":14}},"loc":{"start":{"line":102,"column":14},"end":{"line":115,"column":2}}},"12":{"name":"(anonymous_12)","decl":{"start":{"line":103,"column":21},"end":{"line":103,"column":26}},"loc":{"start":{"line":103,"column":47},"end":{"line":114,"column":3}}}},"branchMap":{},"s":{"0":0,"1":0,"2":0,"3":0,"4":0,"5":0,"6":0,"7":0,"8":0,"9":0,"10":0,"11":0,"12":0,"13":0,"14":0,"15":0,"16":0,"17":0,"18":0,"19":0,"20":0},"f":{"0":0,"1":0,"2":0,"3":0,"4":0,"5":0,"6":0,"7":0,"8":0,"9":0,"10":0,"11":0,"12":0},"b":{}}
,"/home/circleci/app/src/adapter/messaging/rabbitmq/ConnectionSetting.ts": {"path":"/home/circleci/app/src/adapter/messaging/rabbitmq/ConnectionSetting.ts","statementMap":{"0":{"start":{"line":1,"column":0},"end":{"line":1,"column":36}},"1":{"start":{"line":67,"column":2},"end":{"line":73,"column":4}},"2":{"start":{"line":86,"column":2},"end":{"line":86,"column":29}},"3":{"start":{"line":87,"column":2},"end":{"line":87,"column":29}},"4":{"start":{"line":88,"column":2},"end":{"line":88,"column":21}},"5":{"start":{"line":89,"column":2},"end":{"line":89,"column":29}},"6":{"start":{"line":90,"column":2},"end":{"line":90,"column":35}},"7":{"start":{"line":96,"column":2},"end":{"line":96,"column":24}},"8":{"start":{"line":103,"column":2},"end":{"line":103,"column":63}},"9":{"start":{"line":105,"column":2},"end":{"line":105,"column":28}},"10":{"start":{"line":111,"column":2},"end":{"line":111,"column":24}},"11":{"start":{"line":118,"column":2},"end":{"line":118,"column":28}},"12":{"start":{"line":125,"column":2},"end":{"line":125,"column":20}},"13":{"start":{"line":131,"column":2},"end":{"line":131,"column":25}},"14":{"start":{"line":138,"column":2},"end":{"line":138,"column":20}},"15":{"start":{"line":144,"column":2},"end":{"line":144,"column":60}},"16":{"start":{"line":150,"column":2},"end":{"line":150,"column":24}},"17":{"start":{"line":157,"column":2},"end":{"line":157,"column":28}},"18":{"start":{"line":164,"column":2},"end":{"line":164,"column":27}},"19":{"start":{"line":171,"column":2},"end":{"line":171,"column":69}},"20":{"start":{"line":173,"column":2},"end":{"line":173,"column":34}},"21":{"start":{"line":10,"column":0},"end":{"line":10,"column":13}}},"fnMap":{"0":{"name":"(anonymous_0)","decl":{"start":{"line":60,"column":1},"end":{"line":60,"column":7}},"loc":{"start":{"line":65,"column":19},"end":{"line":74,"column":2}}},"1":{"name":"(anonymous_1)","decl":{"start":{"line":79,"column":1},"end":{"line":79,"column":null}},"loc":{"start":{"line":84,"column":18},"end":{"line":91,"column":2}}},"2":{"name":"(anonymous_2)","decl":{"start":{"line":95,"column":1},"end":{"line":95,"column":9}},"loc":{"start":{"line":95,"column":9},"end":{"line":97,"column":2}}},"3":{"name":"(anonymous_3)","decl":{"start":{"line":102,"column":9},"end":{"line":102,"column":20}},"loc":{"start":{"line":102,"column":37},"end":{"line":106,"column":2}}},"4":{"name":"(anonymous_4)","decl":{"start":{"line":110,"column":1},"end":{"line":110,"column":9}},"loc":{"start":{"line":110,"column":9},"end":{"line":112,"column":2}}},"5":{"name":"(anonymous_5)","decl":{"start":{"line":117,"column":9},"end":{"line":117,"column":20}},"loc":{"start":{"line":117,"column":37},"end":{"line":119,"column":2}}},"6":{"name":"(anonymous_6)","decl":{"start":{"line":124,"column":1},"end":{"line":124,"column":5}},"loc":{"start":{"line":124,"column":5},"end":{"line":126,"column":2}}},"7":{"name":"(anonymous_7)","decl":{"start":{"line":130,"column":1},"end":{"line":130,"column":8}},"loc":{"start":{"line":130,"column":8},"end":{"line":132,"column":2}}},"8":{"name":"(anonymous_8)","decl":{"start":{"line":137,"column":9},"end":{"line":137,"column":16}},"loc":{"start":{"line":137,"column":29},"end":{"line":139,"column":2}}},"9":{"name":"(anonymous_9)","decl":{"start":{"line":143,"column":1},"end":{"line":143,"column":19}},"loc":{"start":{"line":143,"column":19},"end":{"line":145,"column":2}}},"10":{"name":"(anonymous_10)","decl":{"start":{"line":149,"column":1},"end":{"line":149,"column":9}},"loc":{"start":{"line":149,"column":9},"end":{"line":151,"column":2}}},"11":{"name":"(anonymous_11)","decl":{"start":{"line":156,"column":9},"end":{"line":156,"column":20}},"loc":{"start":{"line":156,"column":37},"end":{"line":158,"column":2}}},"12":{"name":"(anonymous_12)","decl":{"start":{"line":163,"column":1},"end":{"line":163,"column":12}},"loc":{"start":{"line":163,"column":12},"end":{"line":165,"column":2}}},"13":{"name":"(anonymous_13)","decl":{"start":{"line":170,"column":9},"end":{"line":170,"column":23}},"loc":{"start":{"line":170,"column":43},"end":{"line":174,"column":2}}}},"branchMap":{"0":{"loc":{"start":{"line":68,"column":3},"end":{"line":68,"column":11}},"type":"binary-expr","locations":[{"start":{"line":68,"column":3},"end":{"line":68,"column":11}},{"start":{"line":68,"column":15},"end":{"line":68,"column":26}}]},"1":{"loc":{"start":{"line":69,"column":3},"end":{"line":69,"column":7}},"type":"binary-expr","locations":[{"start":{"line":69,"column":3},"end":{"line":69,"column":7}},{"start":{"line":69,"column":11},"end":{"line":69,"column":13}}]},"2":{"loc":{"start":{"line":70,"column":3},"end":{"line":70,"column":14}},"type":"binary-expr","locations":[{"start":{"line":70,"column":3},"end":{"line":70,"column":14}},{"start":{"line":70,"column":18},"end":{"line":70,"column":21}}]},"3":{"loc":{"start":{"line":71,"column":3},"end":{"line":71,"column":11}},"type":"binary-expr","locations":[{"start":{"line":71,"column":3},"end":{"line":71,"column":11}},{"start":{"line":71,"column":15},"end":{"line":71,"column":25}}]},"4":{"loc":{"start":{"line":72,"column":3},"end":{"line":72,"column":11}},"type":"binary-expr","locations":[{"start":{"line":72,"column":3},"end":{"line":72,"column":11}},{"start":{"line":72,"column":15},"end":{"line":72,"column":25}}]},"5":{"loc":{"start":{"line":144,"column":9},"end":{"line":144,"column":32}},"type":"binary-expr","locations":[{"start":{"line":144,"column":9},"end":{"line":144,"column":32}},{"start":{"line":144,"column":36},"end":{"line":144,"column":59}}]}},"s":{"0":1,"1":9,"2":7,"3":7,"4":7,"5":7,"6":7,"7":3,"8":7,"9":7,"10":4,"11":7,"12":4,"13":1,"14":7,"15":1,"16":4,"17":7,"18":3,"19":7,"20":7,"21":1},"f":{"0":9,"1":7,"2":3,"3":7,"4":4,"5":7,"6":4,"7":1,"8":7,"9":1,"10":4,"11":7,"12":3,"13":7},"b":{"0":[9,4],"1":[9,3],"2":[9,4],"3":[9,4],"4":[9,4],"5":[1,1]}}
,"/home/circleci/app/src/adapter/messaging/rabbitmq/Exchange.ts": {"path":"/home/circleci/app/src/adapter/messaging/rabbitmq/Exchange.ts","statementMap":{"0":{"start":{"line":2,"column":0},"end":{"line":2,"column":48}},"1":{"start":{"line":25,"column":2},"end":{"line":39,"column":5}},"2":{"start":{"line":26,"column":18},"end":{"line":30,"column":null}},"3":{"start":{"line":33,"column":4},"end":{"line":33,"column":27}},"4":{"start":{"line":34,"column":4},"end":{"line":34,"column":22}},"5":{"start":{"line":35,"column":4},"end":{"line":35,"column":22}},"6":{"start":{"line":37,"column":4},"end":{"line":37,"column":14}},"7":{"start":{"line":54,"column":2},"end":{"line":63,"column":5}},"8":{"start":{"line":55,"column":18},"end":{"line":55,"column":72}},"9":{"start":{"line":57,"column":4},"end":{"line":57,"column":27}},"10":{"start":{"line":58,"column":4},"end":{"line":58,"column":22}},"11":{"start":{"line":59,"column":4},"end":{"line":59,"column":22}},"12":{"start":{"line":61,"column":4},"end":{"line":61,"column":14}},"13":{"start":{"line":78,"column":2},"end":{"line":87,"column":5}},"14":{"start":{"line":79,"column":18},"end":{"line":79,"column":73}},"15":{"start":{"line":81,"column":4},"end":{"line":81,"column":27}},"16":{"start":{"line":82,"column":4},"end":{"line":82,"column":22}},"17":{"start":{"line":83,"column":4},"end":{"line":83,"column":22}},"18":{"start":{"line":85,"column":4},"end":{"line":85,"column":14}},"19":{"start":{"line":102,"column":2},"end":{"line":111,"column":5}},"20":{"start":{"line":103,"column":18},"end":{"line":103,"column":71}},"21":{"start":{"line":105,"column":4},"end":{"line":105,"column":27}},"22":{"start":{"line":106,"column":4},"end":{"line":106,"column":22}},"23":{"start":{"line":107,"column":4},"end":{"line":107,"column":22}},"24":{"start":{"line":109,"column":4},"end":{"line":109,"column":14}},"25":{"start":{"line":120,"column":2},"end":{"line":120,"column":65}},"26":{"start":{"line":129,"column":3},"end":{"line":131,"column":6}},"27":{"start":{"line":133,"column":3},"end":{"line":133,"column":62}},"28":{"start":{"line":146,"column":2},"end":{"line":146,"column":33}},"29":{"start":{"line":147,"column":2},"end":{"line":147,"column":29}},"30":{"start":{"line":148,"column":2},"end":{"line":148,"column":21}},"31":{"start":{"line":152,"column":2},"end":{"line":152,"column":14}},"32":{"start":{"line":158,"column":2},"end":{"line":158,"column":20}},"33":{"start":{"line":166,"column":2},"end":{"line":166,"column":20}},"34":{"start":{"line":9,"column":0},"end":{"line":9,"column":13}}},"fnMap":{"0":{"name":"(anonymous_0)","decl":{"start":{"line":20,"column":8},"end":{"line":20,"column":14}},"loc":{"start":{"line":23,"column":20},"end":{"line":40,"column":2}}},"1":{"name":"(anonymous_1)","decl":{"start":{"line":25,"column":21},"end":{"line":25,"column":26}},"loc":{"start":{"line":25,"column":47},"end":{"line":39,"column":3}}},"2":{"name":"(anonymous_2)","decl":{"start":{"line":49,"column":1},"end":{"line":49,"column":7}},"loc":{"start":{"line":52,"column":20},"end":{"line":64,"column":2}}},"3":{"name":"(anonymous_3)","decl":{"start":{"line":54,"column":21},"end":{"line":54,"column":26}},"loc":{"start":{"line":54,"column":47},"end":{"line":63,"column":3}}},"4":{"name":"(anonymous_4)","decl":{"start":{"line":73,"column":1},"end":{"line":73,"column":7}},"loc":{"start":{"line":76,"column":20},"end":{"line":88,"column":2}}},"5":{"name":"(anonymous_5)","decl":{"start":{"line":78,"column":21},"end":{"line":78,"column":26}},"loc":{"start":{"line":78,"column":47},"end":{"line":87,"column":3}}},"6":{"name":"(anonymous_6)","decl":{"start":{"line":97,"column":1},"end":{"line":97,"column":7}},"loc":{"start":{"line":100,"column":20},"end":{"line":112,"column":2}}},"7":{"name":"(anonymous_7)","decl":{"start":{"line":102,"column":21},"end":{"line":102,"column":26}},"loc":{"start":{"line":102,"column":47},"end":{"line":111,"column":3}}},"8":{"name":"(anonymous_8)","decl":{"start":{"line":119,"column":1},"end":{"line":119,"column":8}},"loc":{"start":{"line":119,"column":37},"end":{"line":121,"column":2}}},"9":{"name":"(anonymous_9)","decl":{"start":{"line":127,"column":1},"end":{"line":127,"column":7}},"loc":{"start":{"line":127,"column":7},"end":{"line":135,"column":2}}},"10":{"name":"(anonymous_10)","decl":{"start":{"line":140,"column":1},"end":{"line":140,"column":null}},"loc":{"start":{"line":144,"column":20},"end":{"line":149,"column":2}}},"11":{"name":"(anonymous_11)","decl":{"start":{"line":151,"column":11},"end":{"line":151,"column":21}},"loc":{"start":{"line":151,"column":21},"end":{"line":153,"column":2}}},"12":{"name":"(anonymous_12)","decl":{"start":{"line":157,"column":11},"end":{"line":157,"column":15}},"loc":{"start":{"line":157,"column":15},"end":{"line":159,"column":2}}},"13":{"name":"(anonymous_13)","decl":{"start":{"line":165,"column":9},"end":{"line":165,"column":16}},"loc":{"start":{"line":165,"column":29},"end":{"line":167,"column":2}}}},"branchMap":{},"s":{"0":0,"1":0,"2":0,"3":0,"4":0,"5":0,"6":0,"7":0,"8":0,"9":0,"10":0,"11":0,"12":0,"13":0,"14":0,"15":0,"16":0,"17":0,"18":0,"19":0,"20":0,"21":0,"22":0,"23":0,"24":0,"25":0,"26":0,"27":0,"28":0,"29":0,"30":0,"31":0,"32":0,"33":0,"34":0},"f":{"0":0,"1":0,"2":0,"3":0,"4":0,"5":0,"6":0,"7":0,"8":0,"9":0,"10":0,"11":0,"12":0,"13":0},"b":{}}
,"/home/circleci/app/src/adapter/messaging/rabbitmq/MessageConsumer.ts": {"path":"/home/circleci/app/src/adapter/messaging/rabbitmq/MessageConsumer.ts","statementMap":{"0":{"start":{"line":1,"column":0},"end":{"line":1,"column":54}},"1":{"start":{"line":33,"column":2},"end":{"line":33,"column":47}},"2":{"start":{"line":41,"column":2},"end":{"line":41,"column":48}},"3":{"start":{"line":51,"column":2},"end":{"line":51,"column":45}},"4":{"start":{"line":58,"column":2},"end":{"line":58,"column":23}},"5":{"start":{"line":59,"column":2},"end":{"line":59,"column":23}},"6":{"start":{"line":66,"column":2},"end":{"line":66,"column":22}},"7":{"start":{"line":75,"column":3},"end":{"line":75,"column":28}},"8":{"start":{"line":77,"column":3},"end":{"line":77,"column":56}},"9":{"start":{"line":85,"column":2},"end":{"line":85,"column":19}},"10":{"start":{"line":94,"column":2},"end":{"line":94,"column":23}},"11":{"start":{"line":95,"column":2},"end":{"line":95,"column":47}},"12":{"start":{"line":102,"column":2},"end":{"line":102,"column":32}},"13":{"start":{"line":110,"column":2},"end":{"line":110,"column":46}},"14":{"start":{"line":118,"column":2},"end":{"line":118,"column":24}},"15":{"start":{"line":125,"column":2},"end":{"line":125,"column":21}},"16":{"start":{"line":133,"column":21},"end":{"line":133,"column":33}},"17":{"start":{"line":136,"column":3},"end":{"line":138,"column":6}},"18":{"start":{"line":141,"column":4},"end":{"line":141,"column":62}},"19":{"start":{"line":143,"column":4},"end":{"line":143,"column":56}},"20":{"start":{"line":153,"column":2},"end":{"line":153,"column":22}},"21":{"start":{"line":13,"column":0},"end":{"line":13,"column":13}}},"fnMap":{"0":{"name":"(anonymous_0)","decl":{"start":{"line":32,"column":1},"end":{"line":32,"column":7}},"loc":{"start":{"line":32,"column":45},"end":{"line":34,"column":2}}},"1":{"name":"(anonymous_1)","decl":{"start":{"line":40,"column":1},"end":{"line":40,"column":7}},"loc":{"start":{"line":40,"column":47},"end":{"line":42,"column":2}}},"2":{"name":"(anonymous_2)","decl":{"start":{"line":50,"column":1},"end":{"line":50,"column":7}},"loc":{"start":{"line":50,"column":58},"end":{"line":52,"column":2}}},"3":{"name":"(anonymous_3)","decl":{"start":{"line":57,"column":8},"end":{"line":57,"column":13}},"loc":{"start":{"line":57,"column":13},"end":{"line":60,"column":2}}},"4":{"name":"(anonymous_4)","decl":{"start":{"line":65,"column":8},"end":{"line":65,"column":16}},"loc":{"start":{"line":65,"column":16},"end":{"line":67,"column":2}}},"5":{"name":"(anonymous_5)","decl":{"start":{"line":73,"column":8},"end":{"line":73,"column":35}},"loc":{"start":{"line":73,"column":35},"end":{"line":79,"column":2}}},"6":{"name":"(anonymous_6)","decl":{"start":{"line":84,"column":8},"end":{"line":84,"column":11}},"loc":{"start":{"line":84,"column":11},"end":{"line":86,"column":2}}},"7":{"name":"(anonymous_7)","decl":{"start":{"line":93,"column":1},"end":{"line":93,"column":23}},"loc":{"start":{"line":93,"column":64},"end":{"line":96,"column":2}}},"8":{"name":"(anonymous_8)","decl":{"start":{"line":101,"column":9},"end":{"line":101,"column":27}},"loc":{"start":{"line":101,"column":27},"end":{"line":103,"column":2}}},"9":{"name":"(anonymous_9)","decl":{"start":{"line":109,"column":9},"end":{"line":109,"column":28}},"loc":{"start":{"line":109,"column":56},"end":{"line":111,"column":2}}},"10":{"name":"(anonymous_10)","decl":{"start":{"line":117,"column":9},"end":{"line":117,"column":18}},"loc":{"start":{"line":117,"column":34},"end":{"line":119,"column":2}}},"11":{"name":"(anonymous_11)","decl":{"start":{"line":124,"column":11},"end":{"line":124,"column":16}},"loc":{"start":{"line":124,"column":16},"end":{"line":126,"column":2}}},"12":{"name":"(anonymous_12)","decl":{"start":{"line":132,"column":1},"end":{"line":132,"column":11}},"loc":{"start":{"line":132,"column":44},"end":{"line":146,"column":2}}},"13":{"name":"(anonymous_13)","decl":{"start":{"line":152,"column":9},"end":{"line":152,"column":17}},"loc":{"start":{"line":152,"column":30},"end":{"line":154,"column":2}}}},"branchMap":{},"s":{"0":0,"1":0,"2":0,"3":0,"4":0,"5":0,"6":0,"7":0,"8":0,"9":0,"10":0,"11":0,"12":0,"13":0,"14":0,"15":0,"16":0,"17":0,"18":0,"19":0,"20":0,"21":0},"f":{"0":0,"1":0,"2":0,"3":0,"4":0,"5":0,"6":0,"7":0,"8":0,"9":0,"10":0,"11":0,"12":0,"13":0},"b":{}}
,"/home/circleci/app/src/adapter/messaging/rabbitmq/MessageException.ts": {"path":"/home/circleci/app/src/adapter/messaging/rabbitmq/MessageException.ts","statementMap":{"0":{"start":{"line":18,"column":8},"end":{"line":18,"column":23}},"1":{"start":{"line":19,"column":8},"end":{"line":19,"column":31}},"2":{"start":{"line":27,"column":8},"end":{"line":27,"column":39}},"3":{"start":{"line":35,"column":8},"end":{"line":35,"column":40}},"4":{"start":{"line":45,"column":8},"end":{"line":45,"column":27}},"5":{"start":{"line":53,"column":8},"end":{"line":53,"column":28}},"6":{"start":{"line":8,"column":0},"end":{"line":8,"column":13}}},"fnMap":{"0":{"name":"(anonymous_0)","decl":{"start":{"line":17,"column":4},"end":{"line":17,"column":16}},"loc":{"start":{"line":17,"column":49},"end":{"line":20,"column":5}}},"1":{"name":"(anonymous_1)","decl":{"start":{"line":26,"column":4},"end":{"line":26,"column":10}},"loc":{"start":{"line":26,"column":44},"end":{"line":28,"column":5}}},"2":{"name":"(anonymous_2)","decl":{"start":{"line":34,"column":4},"end":{"line":34,"column":10}},"loc":{"start":{"line":34,"column":47},"end":{"line":36,"column":5}}},"3":{"name":"(anonymous_3)","decl":{"start":{"line":44,"column":11},"end":{"line":44,"column":18}},"loc":{"start":{"line":44,"column":18},"end":{"line":46,"column":5}}},"4":{"name":"(anonymous_4)","decl":{"start":{"line":52,"column":12},"end":{"line":52,"column":20}},"loc":{"start":{"line":52,"column":35},"end":{"line":54,"column":5}}}},"branchMap":{},"s":{"0":0,"1":0,"2":0,"3":0,"4":0,"5":0,"6":0},"f":{"0":0,"1":0,"2":0,"3":0,"4":0},"b":{}}
,"/home/circleci/app/src/adapter/messaging/rabbitmq/MessageListener.ts": {"path":"/home/circleci/app/src/adapter/messaging/rabbitmq/MessageListener.ts","statementMap":{"0":{"start":{"line":22,"column":8},"end":{"line":22,"column":32}},"1":{"start":{"line":31,"column":8},"end":{"line":31,"column":29}},"2":{"start":{"line":12,"column":0},"end":{"line":12,"column":22}}},"fnMap":{"0":{"name":"(anonymous_0)","decl":{"start":{"line":21,"column":4},"end":{"line":21,"column":21}},"loc":{"start":{"line":21,"column":38},"end":{"line":23,"column":5}}},"1":{"name":"(anonymous_1)","decl":{"start":{"line":30,"column":4},"end":{"line":30,"column":11}},"loc":{"start":{"line":30,"column":11},"end":{"line":32,"column":5}}}},"branchMap":{},"s":{"0":1,"1":2,"2":1},"f":{"0":1,"1":2},"b":{}}
,"/home/circleci/app/src/adapter/messaging/rabbitmq/Queue.ts": {"path":"/home/circleci/app/src/adapter/messaging/rabbitmq/Queue.ts","statementMap":{"0":{"start":{"line":3,"column":0},"end":{"line":3,"column":48}},"1":{"start":{"line":31,"column":2},"end":{"line":41,"column":5}},"2":{"start":{"line":33,"column":4},"end":{"line":33,"column":54}},"3":{"start":{"line":35,"column":23},"end":{"line":35,"column":62}},"4":{"start":{"line":36,"column":4},"end":{"line":39,"column":71}},"5":{"start":{"line":38,"column":17},"end":{"line":38,"column":31}},"6":{"start":{"line":39,"column":17},"end":{"line":39,"column":69}},"7":{"start":{"line":70,"column":2},"end":{"line":97,"column":5}},"8":{"start":{"line":72,"column":4},"end":{"line":72,"column":54}},"9":{"start":{"line":74,"column":23},"end":{"line":74,"column":53}},"10":{"start":{"line":76,"column":5},"end":{"line":76,"column":25}},"11":{"start":{"line":77,"column":5},"end":{"line":92,"column":72}},"12":{"start":{"line":80,"column":7},"end":{"line":89,"column":null}},"13":{"start":{"line":82,"column":9},"end":{"line":84,"column":64}},"14":{"start":{"line":87,"column":20},"end":{"line":87,"column":34}},"15":{"start":{"line":89,"column":9},"end":{"line":89,"column":63}},"16":{"start":{"line":92,"column":18},"end":{"line":92,"column":70}},"17":{"start":{"line":94,"column":5},"end":{"line":94,"column":58}},"18":{"start":{"line":111,"column":2},"end":{"line":126,"column":5}},"19":{"start":{"line":113,"column":4},"end":{"line":113,"column":54}},"20":{"start":{"line":115,"column":23},"end":{"line":115,"column":62}},"21":{"start":{"line":117,"column":5},"end":{"line":117,"column":25}},"22":{"start":{"line":118,"column":5},"end":{"line":121,"column":61}},"23":{"start":{"line":120,"column":18},"end":{"line":120,"column":32}},"24":{"start":{"line":121,"column":18},"end":{"line":121,"column":59}},"25":{"start":{"line":123,"column":5},"end":{"line":123,"column":47}},"26":{"start":{"line":140,"column":2},"end":{"line":155,"column":5}},"27":{"start":{"line":142,"column":4},"end":{"line":142,"column":54}},"28":{"start":{"line":144,"column":23},"end":{"line":144,"column":62}},"29":{"start":{"line":146,"column":5},"end":{"line":146,"column":25}},"30":{"start":{"line":147,"column":5},"end":{"line":150,"column":61}},"31":{"start":{"line":149,"column":18},"end":{"line":149,"column":32}},"32":{"start":{"line":150,"column":18},"end":{"line":150,"column":59}},"33":{"start":{"line":152,"column":5},"end":{"line":152,"column":47}},"34":{"start":{"line":169,"column":2},"end":{"line":184,"column":5}},"35":{"start":{"line":171,"column":4},"end":{"line":171,"column":54}},"36":{"start":{"line":173,"column":23},"end":{"line":173,"column":62}},"37":{"start":{"line":175,"column":5},"end":{"line":175,"column":25}},"38":{"start":{"line":176,"column":5},"end":{"line":179,"column":61}},"39":{"start":{"line":178,"column":18},"end":{"line":178,"column":32}},"40":{"start":{"line":179,"column":18},"end":{"line":179,"column":59}},"41":{"start":{"line":181,"column":5},"end":{"line":181,"column":47}},"42":{"start":{"line":206,"column":2},"end":{"line":233,"column":5}},"43":{"start":{"line":208,"column":4},"end":{"line":208,"column":54}},"44":{"start":{"line":210,"column":23},"end":{"line":210,"column":53}},"45":{"start":{"line":212,"column":5},"end":{"line":212,"column":25}},"46":{"start":{"line":213,"column":5},"end":{"line":228,"column":72}},"47":{"start":{"line":216,"column":7},"end":{"line":225,"column":null}},"48":{"start":{"line":218,"column":9},"end":{"line":220,"column":64}},"49":{"start":{"line":223,"column":20},"end":{"line":223,"column":34}},"50":{"start":{"line":225,"column":9},"end":{"line":225,"column":61}},"51":{"start":{"line":228,"column":18},"end":{"line":228,"column":70}},"52":{"start":{"line":230,"column":5},"end":{"line":230,"column":58}},"53":{"start":{"line":248,"column":2},"end":{"line":265,"column":5}},"54":{"start":{"line":249,"column":22},"end":{"line":249,"column":50}},"55":{"start":{"line":251,"column":4},"end":{"line":251,"column":24}},"56":{"start":{"line":252,"column":4},"end":{"line":261,"column":71}},"57":{"start":{"line":255,"column":6},"end":{"line":259,"column":73}},"58":{"start":{"line":258,"column":19},"end":{"line":258,"column":33}},"59":{"start":{"line":259,"column":19},"end":{"line":259,"column":71}},"60":{"start":{"line":261,"column":17},"end":{"line":261,"column":69}},"61":{"start":{"line":263,"column":4},"end":{"line":263,"column":57}},"62":{"start":{"line":284,"column":2},"end":{"line":301,"column":5}},"63":{"start":{"line":285,"column":22},"end":{"line":285,"column":52}},"64":{"start":{"line":287,"column":4},"end":{"line":287,"column":24}},"65":{"start":{"line":288,"column":4},"end":{"line":297,"column":71}},"66":{"start":{"line":291,"column":6},"end":{"line":295,"column":73}},"67":{"start":{"line":294,"column":19},"end":{"line":294,"column":33}},"68":{"start":{"line":295,"column":19},"end":{"line":295,"column":71}},"69":{"start":{"line":297,"column":17},"end":{"line":297,"column":69}},"70":{"start":{"line":299,"column":4},"end":{"line":299,"column":57}},"71":{"start":{"line":319,"column":2},"end":{"line":340,"column":5}},"72":{"start":{"line":320,"column":22},"end":{"line":320,"column":50}},"73":{"start":{"line":322,"column":4},"end":{"line":322,"column":24}},"74":{"start":{"line":323,"column":4},"end":{"line":336,"column":71}},"75":{"start":{"line":326,"column":6},"end":{"line":334,"column":73}},"76":{"start":{"line":328,"column":8},"end":{"line":330,"column":63}},"77":{"start":{"line":333,"column":19},"end":{"line":333,"column":33}},"78":{"start":{"line":334,"column":19},"end":{"line":334,"column":71}},"79":{"start":{"line":336,"column":17},"end":{"line":336,"column":69}},"80":{"start":{"line":338,"column":4},"end":{"line":338,"column":57}},"81":{"start":{"line":349,"column":2},"end":{"line":355,"column":4}},"82":{"start":{"line":352,"column":4},"end":{"line":352,"column":56}},"83":{"start":{"line":360,"column":2},"end":{"line":360,"column":16}},"84":{"start":{"line":369,"column":2},"end":{"line":369,"column":46}},"85":{"start":{"line":377,"column":2},"end":{"line":377,"column":30}},"86":{"start":{"line":386,"column":2},"end":{"line":386,"column":34}},"87":{"start":{"line":395,"column":3},"end":{"line":395,"column":28}},"88":{"start":{"line":397,"column":3},"end":{"line":397,"column":36}},"89":{"start":{"line":406,"column":2},"end":{"line":406,"column":14}},"90":{"start":{"line":414,"column":2},"end":{"line":414,"column":29}},"91":{"start":{"line":416,"column":20},"end":{"line":420,"column":5}},"92":{"start":{"line":421,"column":3},"end":{"line":421,"column":34}},"93":{"start":{"line":423,"column":3},"end":{"line":423,"column":60}},"94":{"start":{"line":12,"column":0},"end":{"line":12,"column":13}}},"fnMap":{"0":{"name":"(anonymous_0)","decl":{"start":{"line":24,"column":1},"end":{"line":24,"column":7}},"loc":{"start":{"line":29,"column":32},"end":{"line":42,"column":2}}},"1":{"name":"(anonymous_1)","decl":{"start":{"line":31,"column":21},"end":{"line":31,"column":22}},"loc":{"start":{"line":31,"column":41},"end":{"line":41,"column":3}}},"2":{"name":"(anonymous_2)","decl":{"start":{"line":38,"column":11},"end":{"line":38,"column":14}},"loc":{"start":{"line":38,"column":17},"end":{"line":38,"column":31}}},"3":{"name":"(anonymous_3)","decl":{"start":{"line":39,"column":12},"end":{"line":39,"column":13}},"loc":{"start":{"line":39,"column":17},"end":{"line":39,"column":69}}},"4":{"name":"(anonymous_4)","decl":{"start":{"line":62,"column":1},"end":{"line":62,"column":7}},"loc":{"start":{"line":68,"column":32},"end":{"line":98,"column":2}}},"5":{"name":"(anonymous_5)","decl":{"start":{"line":70,"column":21},"end":{"line":70,"column":26}},"loc":{"start":{"line":70,"column":47},"end":{"line":97,"column":3}}},"6":{"name":"(anonymous_6)","decl":{"start":{"line":79,"column":12},"end":{"line":79,"column":15}},"loc":{"start":{"line":80,"column":7},"end":{"line":89,"column":null}}},"7":{"name":"(anonymous_7)","decl":{"start":{"line":81,"column":24},"end":{"line":81,"column":34}},"loc":{"start":{"line":81,"column":37},"end":{"line":85,"column":9}}},"8":{"name":"(anonymous_8)","decl":{"start":{"line":87,"column":14},"end":{"line":87,"column":17}},"loc":{"start":{"line":87,"column":20},"end":{"line":87,"column":34}}},"9":{"name":"(anonymous_9)","decl":{"start":{"line":88,"column":15},"end":{"line":88,"column":16}},"loc":{"start":{"line":89,"column":9},"end":{"line":89,"column":63}}},"10":{"name":"(anonymous_10)","decl":{"start":{"line":92,"column":13},"end":{"line":92,"column":14}},"loc":{"start":{"line":92,"column":18},"end":{"line":92,"column":70}}},"11":{"name":"(anonymous_11)","decl":{"start":{"line":107,"column":1},"end":{"line":107,"column":7}},"loc":{"start":{"line":109,"column":14},"end":{"line":127,"column":2}}},"12":{"name":"(anonymous_12)","decl":{"start":{"line":111,"column":21},"end":{"line":111,"column":26}},"loc":{"start":{"line":111,"column":47},"end":{"line":126,"column":3}}},"13":{"name":"(anonymous_13)","decl":{"start":{"line":120,"column":12},"end":{"line":120,"column":15}},"loc":{"start":{"line":120,"column":18},"end":{"line":120,"column":32}}},"14":{"name":"(anonymous_14)","decl":{"start":{"line":121,"column":13},"end":{"line":121,"column":14}},"loc":{"start":{"line":121,"column":18},"end":{"line":121,"column":59}}},"15":{"name":"(anonymous_15)","decl":{"start":{"line":136,"column":1},"end":{"line":136,"column":7}},"loc":{"start":{"line":138,"column":14},"end":{"line":156,"column":2}}},"16":{"name":"(anonymous_16)","decl":{"start":{"line":140,"column":21},"end":{"line":140,"column":26}},"loc":{"start":{"line":140,"column":47},"end":{"line":155,"column":3}}},"17":{"name":"(anonymous_17)","decl":{"start":{"line":149,"column":12},"end":{"line":149,"column":15}},"loc":{"start":{"line":149,"column":18},"end":{"line":149,"column":32}}},"18":{"name":"(anonymous_18)","decl":{"start":{"line":150,"column":13},"end":{"line":150,"column":14}},"loc":{"start":{"line":150,"column":18},"end":{"line":150,"column":59}}},"19":{"name":"(anonymous_19)","decl":{"start":{"line":165,"column":1},"end":{"line":165,"column":7}},"loc":{"start":{"line":167,"column":14},"end":{"line":185,"column":2}}},"20":{"name":"(anonymous_20)","decl":{"start":{"line":169,"column":21},"end":{"line":169,"column":26}},"loc":{"start":{"line":169,"column":47},"end":{"line":184,"column":3}}},"21":{"name":"(anonymous_21)","decl":{"start":{"line":178,"column":12},"end":{"line":178,"column":15}},"loc":{"start":{"line":178,"column":18},"end":{"line":178,"column":32}}},"22":{"name":"(anonymous_22)","decl":{"start":{"line":179,"column":13},"end":{"line":179,"column":14}},"loc":{"start":{"line":179,"column":18},"end":{"line":179,"column":59}}},"23":{"name":"(anonymous_23)","decl":{"start":{"line":201,"column":1},"end":{"line":201,"column":7}},"loc":{"start":{"line":204,"column":28},"end":{"line":234,"column":2}}},"24":{"name":"(anonymous_24)","decl":{"start":{"line":206,"column":21},"end":{"line":206,"column":26}},"loc":{"start":{"line":206,"column":47},"end":{"line":233,"column":3}}},"25":{"name":"(anonymous_25)","decl":{"start":{"line":215,"column":12},"end":{"line":215,"column":15}},"loc":{"start":{"line":216,"column":7},"end":{"line":225,"column":null}}},"26":{"name":"(anonymous_26)","decl":{"start":{"line":217,"column":24},"end":{"line":217,"column":34}},"loc":{"start":{"line":217,"column":37},"end":{"line":221,"column":9}}},"27":{"name":"(anonymous_27)","decl":{"start":{"line":223,"column":14},"end":{"line":223,"column":17}},"loc":{"start":{"line":223,"column":20},"end":{"line":223,"column":34}}},"28":{"name":"(anonymous_28)","decl":{"start":{"line":224,"column":15},"end":{"line":224,"column":16}},"loc":{"start":{"line":225,"column":9},"end":{"line":225,"column":61}}},"29":{"name":"(anonymous_29)","decl":{"start":{"line":228,"column":13},"end":{"line":228,"column":14}},"loc":{"start":{"line":228,"column":18},"end":{"line":228,"column":70}}},"30":{"name":"(anonymous_30)","decl":{"start":{"line":245,"column":1},"end":{"line":245,"column":7}},"loc":{"start":{"line":246,"column":20},"end":{"line":266,"column":2}}},"31":{"name":"(anonymous_31)","decl":{"start":{"line":248,"column":21},"end":{"line":248,"column":26}},"loc":{"start":{"line":248,"column":47},"end":{"line":265,"column":3}}},"32":{"name":"(anonymous_32)","decl":{"start":{"line":254,"column":11},"end":{"line":254,"column":14}},"loc":{"start":{"line":254,"column":16},"end":{"line":260,"column":6}}},"33":{"name":"(anonymous_33)","decl":{"start":{"line":258,"column":13},"end":{"line":258,"column":16}},"loc":{"start":{"line":258,"column":19},"end":{"line":258,"column":33}}},"34":{"name":"(anonymous_34)","decl":{"start":{"line":259,"column":14},"end":{"line":259,"column":15}},"loc":{"start":{"line":259,"column":19},"end":{"line":259,"column":71}}},"35":{"name":"(anonymous_35)","decl":{"start":{"line":261,"column":12},"end":{"line":261,"column":13}},"loc":{"start":{"line":261,"column":17},"end":{"line":261,"column":69}}},"36":{"name":"(anonymous_36)","decl":{"start":{"line":280,"column":1},"end":{"line":280,"column":7}},"loc":{"start":{"line":282,"column":14},"end":{"line":302,"column":2}}},"37":{"name":"(anonymous_37)","decl":{"start":{"line":284,"column":21},"end":{"line":284,"column":26}},"loc":{"start":{"line":284,"column":47},"end":{"line":301,"column":3}}},"38":{"name":"(anonymous_38)","decl":{"start":{"line":290,"column":11},"end":{"line":290,"column":14}},"loc":{"start":{"line":290,"column":16},"end":{"line":296,"column":6}}},"39":{"name":"(anonymous_39)","decl":{"start":{"line":294,"column":13},"end":{"line":294,"column":16}},"loc":{"start":{"line":294,"column":19},"end":{"line":294,"column":33}}},"40":{"name":"(anonymous_40)","decl":{"start":{"line":295,"column":14},"end":{"line":295,"column":15}},"loc":{"start":{"line":295,"column":19},"end":{"line":295,"column":71}}},"41":{"name":"(anonymous_41)","decl":{"start":{"line":297,"column":12},"end":{"line":297,"column":13}},"loc":{"start":{"line":297,"column":17},"end":{"line":297,"column":69}}},"42":{"name":"(anonymous_42)","decl":{"start":{"line":315,"column":1},"end":{"line":315,"column":7}},"loc":{"start":{"line":317,"column":23},"end":{"line":341,"column":2}}},"43":{"name":"(anonymous_43)","decl":{"start":{"line":319,"column":21},"end":{"line":319,"column":26}},"loc":{"start":{"line":319,"column":47},"end":{"line":340,"column":3}}},"44":{"name":"(anonymous_44)","decl":{"start":{"line":325,"column":11},"end":{"line":325,"column":14}},"loc":{"start":{"line":325,"column":16},"end":{"line":335,"column":6}}},"45":{"name":"(anonymous_45)","decl":{"start":{"line":327,"column":23},"end":{"line":327,"column":33}},"loc":{"start":{"line":327,"column":36},"end":{"line":331,"column":8}}},"46":{"name":"(anonymous_46)","decl":{"start":{"line":333,"column":13},"end":{"line":333,"column":16}},"loc":{"start":{"line":333,"column":19},"end":{"line":333,"column":33}}},"47":{"name":"(anonymous_47)","decl":{"start":{"line":334,"column":14},"end":{"line":334,"column":15}},"loc":{"start":{"line":334,"column":19},"end":{"line":334,"column":71}}},"48":{"name":"(anonymous_48)","decl":{"start":{"line":336,"column":12},"end":{"line":336,"column":13}},"loc":{"start":{"line":336,"column":17},"end":{"line":336,"column":69}}},"49":{"name":"(anonymous_49)","decl":{"start":{"line":348,"column":1},"end":{"line":348,"column":8}},"loc":{"start":{"line":348,"column":68},"end":{"line":356,"column":2}}},"50":{"name":"(anonymous_50)","decl":{"start":{"line":351,"column":3},"end":{"line":351,"column":4}},"loc":{"start":{"line":351,"column":20},"end":{"line":353,"column":4}}},"51":{"name":"(anonymous_51)","decl":{"start":{"line":359,"column":1},"end":{"line":359,"column":6}},"loc":{"start":{"line":359,"column":6},"end":{"line":361,"column":2}}},"52":{"name":"(anonymous_52)","decl":{"start":{"line":368,"column":1},"end":{"line":368,"column":5}},"loc":{"start":{"line":368,"column":39},"end":{"line":370,"column":2}}},"53":{"name":"(anonymous_53)","decl":{"start":{"line":376,"column":1},"end":{"line":376,"column":4}},"loc":{"start":{"line":376,"column":21},"end":{"line":378,"column":2}}},"54":{"name":"(anonymous_54)","decl":{"start":{"line":385,"column":1},"end":{"line":385,"column":9}},"loc":{"start":{"line":385,"column":23},"end":{"line":387,"column":2}}},"55":{"name":"(anonymous_55)","decl":{"start":{"line":389,"column":1},"end":{"line":389,"column":null}},"loc":{"start":{"line":392,"column":14},"end":{"line":399,"column":2}}},"56":{"name":"(anonymous_56)","decl":{"start":{"line":405,"column":11},"end":{"line":405,"column":18}},"loc":{"start":{"line":405,"column":18},"end":{"line":407,"column":2}}},"57":{"name":"(anonymous_57)","decl":{"start":{"line":409,"column":9},"end":{"line":409,"column":14}},"loc":{"start":{"line":412,"column":24},"end":{"line":425,"column":2}}}},"branchMap":{"0":{"loc":{"start":{"line":27,"column":23},"end":{"line":27,"column":27}},"type":"default-arg","locations":[{"start":{"line":27,"column":23},"end":{"line":27,"column":27}}]},"1":{"loc":{"start":{"line":28,"column":25},"end":{"line":28,"column":30}},"type":"default-arg","locations":[{"start":{"line":28,"column":25},"end":{"line":28,"column":30}}]},"2":{"loc":{"start":{"line":29,"column":27},"end":{"line":29,"column":32}},"type":"default-arg","locations":[{"start":{"line":29,"column":27},"end":{"line":29,"column":32}}]},"3":{"loc":{"start":{"line":32,"column":7},"end":{"line":32,"column":19}},"type":"binary-expr","locations":[{"start":{"line":32,"column":7},"end":{"line":32,"column":19}},{"start":{"line":32,"column":23},"end":{"line":32,"column":33}}]},"4":{"loc":{"start":{"line":65,"column":26},"end":{"line":65,"column":28}},"type":"default-arg","locations":[{"start":{"line":65,"column":26},"end":{"line":65,"column":28}}]},"5":{"loc":{"start":{"line":66,"column":23},"end":{"line":66,"column":27}},"type":"default-arg","locations":[{"start":{"line":66,"column":23},"end":{"line":66,"column":27}}]},"6":{"loc":{"start":{"line":67,"column":25},"end":{"line":67,"column":30}},"type":"default-arg","locations":[{"start":{"line":67,"column":25},"end":{"line":67,"column":30}}]},"7":{"loc":{"start":{"line":68,"column":27},"end":{"line":68,"column":32}},"type":"default-arg","locations":[{"start":{"line":68,"column":27},"end":{"line":68,"column":32}}]},"8":{"loc":{"start":{"line":71,"column":7},"end":{"line":71,"column":19}},"type":"binary-expr","locations":[{"start":{"line":71,"column":7},"end":{"line":71,"column":19}},{"start":{"line":71,"column":23},"end":{"line":71,"column":33}}]},"9":{"loc":{"start":{"line":112,"column":7},"end":{"line":112,"column":19}},"type":"binary-expr","locations":[{"start":{"line":112,"column":7},"end":{"line":112,"column":19}},{"start":{"line":112,"column":23},"end":{"line":112,"column":33}}]},"10":{"loc":{"start":{"line":141,"column":7},"end":{"line":141,"column":19}},"type":"binary-expr","locations":[{"start":{"line":141,"column":7},"end":{"line":141,"column":19}},{"start":{"line":141,"column":23},"end":{"line":141,"column":33}}]},"11":{"loc":{"start":{"line":170,"column":7},"end":{"line":170,"column":19}},"type":"binary-expr","locations":[{"start":{"line":170,"column":7},"end":{"line":170,"column":19}},{"start":{"line":170,"column":23},"end":{"line":170,"column":33}}]},"12":{"loc":{"start":{"line":204,"column":26},"end":{"line":204,"column":28}},"type":"default-arg","locations":[{"start":{"line":204,"column":26},"end":{"line":204,"column":28}}]},"13":{"loc":{"start":{"line":207,"column":7},"end":{"line":207,"column":19}},"type":"binary-expr","locations":[{"start":{"line":207,"column":7},"end":{"line":207,"column":19}},{"start":{"line":207,"column":23},"end":{"line":207,"column":33}}]},"14":{"loc":{"start":{"line":390,"column":41},"end":{"line":390,"column":45}},"type":"default-arg","locations":[{"start":{"line":390,"column":41},"end":{"line":390,"column":45}}]}},"s":{"0":0,"1":0,"2":0,"3":0,"4":0,"5":0,"6":0,"7":0,"8":0,"9":0,"10":0,"11":0,"12":0,"13":0,"14":0,"15":0,"16":0,"17":0,"18":0,"19":0,"20":0,"21":0,"22":0,"23":0,"24":0,"25":0,"26":0,"27":0,"28":0,"29":0,"30":0,"31":0,"32":0,"33":0,"34":0,"35":0,"36":0,"37":0,"38":0,"39":0,"40":0,"41":0,"42":0,"43":0,"44":0,"45":0,"46":0,"47":0,"48":0,"49":0,"50":0,"51":0,"52":0,"53":0,"54":0,"55":0,"56":0,"57":0,"58":0,"59":0,"60":0,"61":0,"62":0,"63":0,"64":0,"65":0,"66":0,"67":0,"68":0,"69":0,"70":0,"71":0,"72":0,"73":0,"74":0,"75":0,"76":0,"77":0,"78":0,"79":0,"80":0,"81":0,"82":0,"83":0,"84":0,"85":0,"86":0,"87":0,"88":0,"89":0,"90":0,"91":0,"92":0,"93":0,"94":0},"f":{"0":0,"1":0,"2":0,"3":0,"4":0,"5":0,"6":0,"7":0,"8":0,"9":0,"10":0,"11":0,"12":0,"13":0,"14":0,"15":0,"16":0,"17":0,"18":0,"19":0,"20":0,"21":0,"22":0,"23":0,"24":0,"25":0,"26":0,"27":0,"28":0,"29":0,"30":0,"31":0,"32":0,"33":0,"34":0,"35":0,"36":0,"37":0,"38":0,"39":0,"40":0,"41":0,"42":0,"43":0,"44":0,"45":0,"46":0,"47":0,"48":0,"49":0,"50":0,"51":0,"52":0,"53":0,"54":0,"55":0,"56":0,"57":0},"b":{"0":[0],"1":[0],"2":[0],"3":[0,0],"4":[0],"5":[0],"6":[0],"7":[0],"8":[0,0],"9":[0,0],"10":[0,0],"11":[0,0],"12":[0],"13":[0,0],"14":[0]}}
,"/home/circleci/app/src/domain/event/StoredEvent.ts": {"path":"/home/circleci/app/src/domain/event/StoredEvent.ts","statementMap":{"0":{"start":{"line":10,"column":2},"end":{"line":10,"column":30}},"1":{"start":{"line":11,"column":2},"end":{"line":11,"column":28}},"2":{"start":{"line":12,"column":2},"end":{"line":12,"column":32}},"3":{"start":{"line":16,"column":2},"end":{"line":16,"column":25}},"4":{"start":{"line":20,"column":2},"end":{"line":20,"column":23}},"5":{"start":{"line":24,"column":2},"end":{"line":24,"column":24}},"6":{"start":{"line":28,"column":2},"end":{"line":28,"column":26}},"7":{"start":{"line":3,"column":0},"end":{"line":3,"column":13}}},"fnMap":{"0":{"name":"(anonymous_0)","decl":{"start":{"line":9,"column":1},"end":{"line":9,"column":13}},"loc":{"start":{"line":9,"column":66},"end":{"line":13,"column":2}}},"1":{"name":"(anonymous_1)","decl":{"start":{"line":15,"column":1},"end":{"line":15,"column":10}},"loc":{"start":{"line":15,"column":10},"end":{"line":17,"column":2}}},"2":{"name":"(anonymous_2)","decl":{"start":{"line":19,"column":1},"end":{"line":19,"column":8}},"loc":{"start":{"line":19,"column":8},"end":{"line":21,"column":2}}},"3":{"name":"(anonymous_3)","decl":{"start":{"line":23,"column":1},"end":{"line":23,"column":9}},"loc":{"start":{"line":23,"column":9},"end":{"line":25,"column":2}}},"4":{"name":"(anonymous_4)","decl":{"start":{"line":27,"column":1},"end":{"line":27,"column":11}},"loc":{"start":{"line":27,"column":11},"end":{"line":29,"column":2}}}},"branchMap":{},"s":{"0":0,"1":0,"2":0,"3":0,"4":0,"5":0,"6":0,"7":0},"f":{"0":0,"1":0,"2":0,"3":0,"4":0},"b":{}}
,"/home/circleci/app/src/domain/model/DomainEventPublisher.ts": {"path":"/home/circleci/app/src/domain/model/DomainEventPublisher.ts","statementMap":{"0":{"start":{"line":5,"column":9},"end":{"line":5,"column":25}},"1":{"start":{"line":18,"column":2},"end":{"line":18,"column":25}},"2":{"start":{"line":11,"column":3},"end":{"line":11,"column":47}},"3":{"start":{"line":14,"column":2},"end":{"line":14,"column":40}},"4":{"start":{"line":22,"column":19},"end":{"line":22,"column":27}},"5":{"start":{"line":23,"column":2},"end":{"line":23,"column":48}},"6":{"start":{"line":24,"column":2},"end":{"line":24,"column":13}},"7":{"start":{"line":26,"column":2},"end":{"line":26,"column":12}},"8":{"start":{"line":30,"column":2},"end":{"line":32,"column":10}},"9":{"start":{"line":36,"column":2},"end":{"line":36,"column":31}},"10":{"start":{"line":40,"column":2},"end":{"line":44,"column":5}},"11":{"start":{"line":42,"column":4},"end":{"line":42,"column":36}},"12":{"start":{"line":7,"column":16},"end":{"line":7,"column":55}},"13":{"start":{"line":4,"column":0},"end":{"line":4,"column":13}}},"fnMap":{"0":{"name":"(anonymous_0)","decl":{"start":{"line":17,"column":1},"end":{"line":17,"column":null}},"loc":{"start":{"line":17,"column":1},"end":{"line":19,"column":2}}},"1":{"name":"(anonymous_1)","decl":{"start":{"line":9,"column":1},"end":{"line":9,"column":7}},"loc":{"start":{"line":9,"column":16},"end":{"line":15,"column":2}}},"2":{"name":"(anonymous_2)","decl":{"start":{"line":21,"column":1},"end":{"line":21,"column":10}},"loc":{"start":{"line":21,"column":55},"end":{"line":27,"column":2}}},"3":{"name":"(anonymous_3)","decl":{"start":{"line":29,"column":1},"end":{"line":29,"column":5}},"loc":{"start":{"line":29,"column":16},"end":{"line":33,"column":2}}},"4":{"name":"(anonymous_4)","decl":{"start":{"line":35,"column":1},"end":{"line":35,"column":12}},"loc":{"start":{"line":35,"column":23},"end":{"line":37,"column":2}}},"5":{"name":"(anonymous_5)","decl":{"start":{"line":39,"column":1},"end":{"line":39,"column":8}},"loc":{"start":{"line":39,"column":33},"end":{"line":45,"column":2}}},"6":{"name":"(anonymous_6)","decl":{"start":{"line":40,"column":28},"end":{"line":40,"column":29}},"loc":{"start":{"line":40,"column":67},"end":{"line":44,"column":3}}}},"branchMap":{"0":{"loc":{"start":{"line":31,"column":5},"end":{"line":31,"column":26}},"type":"cond-expr","locations":[{"start":{"line":31,"column":5},"end":{"line":31,"column":26}},{"start":{"line":32,"column":5},"end":{"line":32,"column":9}}]}},"s":{"0":0,"1":0,"2":0,"3":0,"4":0,"5":0,"6":0,"7":0,"8":0,"9":0,"10":0,"11":0,"12":0,"13":0},"f":{"0":0,"1":0,"2":0,"3":0,"4":0,"5":0,"6":0},"b":{"0":[0,0]}}
}
