{"total": {"lines":{"total":303,"covered":238,"skipped":0,"pct":78.55},"statements":{"total":305,"covered":240,"skipped":0,"pct":78.69},"functions":{"total":164,"covered":138,"skipped":0,"pct":84.15},"branches":{"total":45,"covered":43,"skipped":0,"pct":95.56}}
,"/home/circleci/app/src/domain/event/StoredEvent.ts": {"lines":{"total":8,"covered":0,"skipped":0,"pct":0},"functions":{"total":5,"covered":0,"skipped":0,"pct":0},"statements":{"total":8,"covered":0,"skipped":0,"pct":0},"branches":{"total":0,"covered":0,"skipped":0,"pct":100}}
,"/home/circleci/app/src/domain/model/DomainEventPublisher.ts": {"lines":{"total":14,"covered":0,"skipped":0,"pct":0},"functions":{"total":7,"covered":0,"skipped":0,"pct":0},"statements":{"total":14,"covered":0,"skipped":0,"pct":0},"branches":{"total":2,"covered":0,"skipped":0,"pct":0}}
,"/home/circleci/app/src/port/adapter/messaging/rabbitmq/BrokerChannel.ts": {"lines":{"total":56,"covered":55,"skipped":0,"pct":98.21},"functions":{"total":28,"covered":27,"skipped":0,"pct":96.43},"statements":{"total":58,"covered":57,"skipped":0,"pct":98.28},"branches":{"total":1,"covered":1,"skipped":0,"pct":100}}
,"/home/circleci/app/src/port/adapter/messaging/rabbitmq/ConnectionFactory.ts": {"lines":{"total":21,"covered":21,"skipped":0,"pct":100},"functions":{"total":13,"covered":13,"skipped":0,"pct":100},"statements":{"total":21,"covered":21,"skipped":0,"pct":100},"branches":{"total":10,"covered":10,"skipped":0,"pct":100}}
,"/home/circleci/app/src/port/adapter/messaging/rabbitmq/ConnectionSetting.ts": {"lines":{"total":22,"covered":22,"skipped":0,"pct":100},"functions":{"total":14,"covered":14,"skipped":0,"pct":100},"statements":{"total":22,"covered":22,"skipped":0,"pct":100},"branches":{"total":12,"covered":12,"skipped":0,"pct":100}}
,"/home/circleci/app/src/port/adapter/messaging/rabbitmq/Exchange.ts": {"lines":{"total":34,"covered":0,"skipped":0,"pct":0},"functions":{"total":13,"covered":0,"skipped":0,"pct":0},"statements":{"total":34,"covered":0,"skipped":0,"pct":0},"branches":{"total":0,"covered":0,"skipped":0,"pct":100}}
,"/home/circleci/app/src/port/adapter/messaging/rabbitmq/MessageConsumer.ts": {"lines":{"total":25,"covered":25,"skipped":0,"pct":100},"functions":{"total":15,"covered":15,"skipped":0,"pct":100},"statements":{"total":25,"covered":25,"skipped":0,"pct":100},"branches":{"total":0,"covered":0,"skipped":0,"pct":100}}
,"/home/circleci/app/src/port/adapter/messaging/rabbitmq/MessageException.ts": {"lines":{"total":9,"covered":9,"skipped":0,"pct":100},"functions":{"total":7,"covered":7,"skipped":0,"pct":100},"statements":{"total":9,"covered":9,"skipped":0,"pct":100},"branches":{"total":0,"covered":0,"skipped":0,"pct":100}}
,"/home/circleci/app/src/port/adapter/messaging/rabbitmq/MessageListener.ts": {"lines":{"total":3,"covered":3,"skipped":0,"pct":100},"functions":{"total":2,"covered":2,"skipped":0,"pct":100},"statements":{"total":3,"covered":3,"skipped":0,"pct":100},"branches":{"total":0,"covered":0,"skipped":0,"pct":100}}
,"/home/circleci/app/src/port/adapter/messaging/rabbitmq/Queue.ts": {"lines":{"total":111,"covered":103,"skipped":0,"pct":92.79},"functions":{"total":60,"covered":60,"skipped":0,"pct":100},"statements":{"total":111,"covered":103,"skipped":0,"pct":92.79},"branches":{"total":20,"covered":20,"skipped":0,"pct":100}}
}
