TN:
SF:/home/circleci/app/src/adapter/messaging/rabbitmq/BrokerChannel.ts
FN:30,(anonymous_0)
FN:34,(anonymous_1)
FN:38,(anonymous_2)
FN:52,(anonymous_3)
FN:61,(anonymous_4)
FN:61,(anonymous_5)
FN:63,(anonymous_6)
FN:68,(anonymous_7)
FN:85,(anonymous_8)
FN:88,(anonymous_9)
FN:91,(anonymous_10)
FN:93,(anonymous_11)
FN:99,(anonymous_12)
FN:102,(anonymous_13)
FN:107,(anonymous_14)
FN:112,(anonymous_15)
FN:119,(anonymous_16)
FN:126,(anonymous_17)
FN:133,(anonymous_18)
FN:164,(anonymous_19)
FN:178,(anonymous_20)
FN:185,(anonymous_21)
FN:192,(anonymous_22)
FN:199,(anonymous_23)
FN:206,(anonymous_24)
FN:213,(anonymous_25)
FN:220,(anonymous_26)
FNF:27
FNH:23
FNDA:1,(anonymous_0)
FNDA:43,(anonymous_1)
FNDA:30,(anonymous_2)
FNDA:35,(anonymous_3)
FNDA:17,(anonymous_4)
FNDA:17,(anonymous_5)
FNDA:13,(anonymous_6)
FNDA:13,(anonymous_7)
FNDA:13,(anonymous_8)
FNDA:13,(anonymous_9)
FNDA:13,(anonymous_10)
FNDA:0,(anonymous_11)
FNDA:10,(anonymous_12)
FNDA:0,(anonymous_13)
FNDA:0,(anonymous_14)
FNDA:3,(anonymous_15)
FNDA:22,(anonymous_16)
FNDA:44,(anonymous_17)
FNDA:1,(anonymous_18)
FNDA:13,(anonymous_19)
FNDA:0,(anonymous_20)
FNDA:27,(anonymous_21)
FNDA:52,(anonymous_22)
FNDA:28,(anonymous_23)
FNDA:15,(anonymous_24)
FNDA:34,(anonymous_25)
FNDA:30,(anonymous_26)
DA:3,1
DA:4,1
DA:11,1
DA:31,1
DA:35,43
DA:39,30
DA:57,35
DA:59,22
DA:61,17
DA:63,13
DA:64,13
DA:72,13
DA:75,13
DA:76,13
DA:77,13
DA:88,13
DA:89,13
DA:92,13
DA:93,13
DA:94,0
DA:95,0
DA:97,13
DA:100,10
DA:101,10
DA:102,10
DA:103,0
DA:104,0
DA:108,0
DA:109,0
DA:113,3
DA:114,3
DA:120,22
DA:121,17
DA:122,17
DA:123,17
DA:127,44
DA:145,1
DA:147,1
DA:151,1
DA:153,1
DA:157,1
DA:158,1
DA:167,13
DA:179,0
DA:186,27
DA:193,52
DA:200,28
DA:207,15
DA:214,34
DA:221,30
LF:50
LH:43
BRDA:53,0,0,0
BRDA:54,1,0,0
BRDA:55,2,0,13
BRF:3
BRH:1
end_of_record
TN:
SF:/home/circleci/app/src/adapter/messaging/rabbitmq/ConnectionFactory.ts
FN:19,(anonymous_0)
FN:27,(anonymous_1)
FN:35,(anonymous_2)
FN:43,(anonymous_3)
FN:51,(anonymous_4)
FN:58,(anonymous_5)
FN:66,(anonymous_6)
FN:74,(anonymous_7)
FN:82,(anonymous_8)
FN:90,(anonymous_9)
FN:94,(anonymous_10)
FN:102,(anonymous_11)
FN:103,(anonymous_12)
FNF:13
FNH:13
FNDA:16,(anonymous_0)
FNDA:16,(anonymous_1)
FNDA:16,(anonymous_2)
FNDA:16,(anonymous_3)
FNDA:16,(anonymous_4)
FNDA:16,(anonymous_5)
FNDA:16,(anonymous_6)
FNDA:16,(anonymous_7)
FNDA:16,(anonymous_8)
FNDA:16,(anonymous_9)
FNDA:16,(anonymous_10)
FNDA:15,(anonymous_11)
FNDA:15,(anonymous_12)
DA:1,2
DA:8,2
DA:20,16
DA:28,16
DA:36,16
DA:44,16
DA:52,16
DA:59,16
DA:67,16
DA:75,16
DA:83,16
DA:91,16
DA:95,16
DA:96,16
DA:97,16
DA:98,16
DA:99,16
DA:103,15
DA:105,15
DA:111,14
DA:113,1
LF:21
LH:21
BRDA:28,0,0,16
BRDA:28,0,1,1
BRDA:44,1,0,16
BRDA:44,1,1,1
BRDA:59,2,0,16
BRDA:59,2,1,1
BRDA:75,3,0,16
BRDA:75,3,1,1
BRDA:83,4,0,16
BRDA:83,4,1,1
BRF:10
BRH:10
end_of_record
TN:
SF:/home/circleci/app/src/adapter/messaging/rabbitmq/ConnectionSetting.ts
FN:60,(anonymous_0)
FN:79,(anonymous_1)
FN:95,(anonymous_2)
FN:102,(anonymous_3)
FN:110,(anonymous_4)
FN:117,(anonymous_5)
FN:124,(anonymous_6)
FN:130,(anonymous_7)
FN:137,(anonymous_8)
FN:143,(anonymous_9)
FN:149,(anonymous_10)
FN:156,(anonymous_11)
FN:163,(anonymous_12)
FN:170,(anonymous_13)
FNF:14
FNH:14
FNDA:26,(anonymous_0)
FNDA:24,(anonymous_1)
FNDA:29,(anonymous_2)
FNDA:24,(anonymous_3)
FNDA:17,(anonymous_4)
FNDA:24,(anonymous_5)
FNDA:17,(anonymous_6)
FNDA:1,(anonymous_7)
FNDA:24,(anonymous_8)
FNDA:1,(anonymous_9)
FNDA:17,(anonymous_10)
FNDA:24,(anonymous_11)
FNDA:16,(anonymous_12)
FNDA:24,(anonymous_13)
DA:1,2
DA:10,2
DA:67,26
DA:86,24
DA:87,24
DA:88,24
DA:89,24
DA:90,24
DA:96,29
DA:103,24
DA:105,24
DA:111,17
DA:118,24
DA:125,17
DA:131,1
DA:138,24
DA:144,1
DA:150,17
DA:157,24
DA:164,16
DA:171,24
DA:173,24
LF:22
LH:22
BRDA:68,0,0,26
BRDA:68,0,1,4
BRDA:69,1,0,26
BRDA:69,1,1,3
BRDA:70,2,0,26
BRDA:70,2,1,4
BRDA:71,3,0,26
BRDA:71,3,1,4
BRDA:72,4,0,26
BRDA:72,4,1,4
BRDA:144,5,0,1
BRDA:144,5,1,1
BRF:12
BRH:12
end_of_record
TN:
SF:/home/circleci/app/src/adapter/messaging/rabbitmq/Exchange.ts
FN:20,(anonymous_0)
FN:25,(anonymous_1)
FN:49,(anonymous_2)
FN:54,(anonymous_3)
FN:73,(anonymous_4)
FN:78,(anonymous_5)
FN:97,(anonymous_6)
FN:102,(anonymous_7)
FN:119,(anonymous_8)
FN:127,(anonymous_9)
FN:140,(anonymous_10)
FN:154,(anonymous_11)
FN:162,(anonymous_12)
FNF:13
FNH:0
FNDA:0,(anonymous_0)
FNDA:0,(anonymous_1)
FNDA:0,(anonymous_2)
FNDA:0,(anonymous_3)
FNDA:0,(anonymous_4)
FNDA:0,(anonymous_5)
FNDA:0,(anonymous_6)
FNDA:0,(anonymous_7)
FNDA:0,(anonymous_8)
FNDA:0,(anonymous_9)
FNDA:0,(anonymous_10)
FNDA:0,(anonymous_11)
FNDA:0,(anonymous_12)
DA:2,0
DA:9,0
DA:25,0
DA:26,0
DA:33,0
DA:34,0
DA:35,0
DA:37,0
DA:54,0
DA:55,0
DA:57,0
DA:58,0
DA:59,0
DA:61,0
DA:78,0
DA:79,0
DA:81,0
DA:82,0
DA:83,0
DA:85,0
DA:102,0
DA:103,0
DA:105,0
DA:106,0
DA:107,0
DA:109,0
DA:120,0
DA:129,0
DA:133,0
DA:146,0
DA:147,0
DA:148,0
DA:155,0
DA:163,0
LF:34
LH:0
BRF:0
BRH:0
end_of_record
TN:
SF:/home/circleci/app/src/adapter/messaging/rabbitmq/MessageConsumer.ts
FN:31,(anonymous_0)
FN:39,(anonymous_1)
FN:49,(anonymous_2)
FN:56,(anonymous_3)
FN:64,(anonymous_4)
FN:72,(anonymous_5)
FN:83,(anonymous_6)
FN:92,(anonymous_7)
FN:100,(anonymous_8)
FN:108,(anonymous_9)
FN:116,(anonymous_10)
FN:123,(anonymous_11)
FN:131,(anonymous_12)
FN:151,(anonymous_13)
FNF:14
FNH:0
FNDA:0,(anonymous_0)
FNDA:0,(anonymous_1)
FNDA:0,(anonymous_2)
FNDA:0,(anonymous_3)
FNDA:0,(anonymous_4)
FNDA:0,(anonymous_5)
FNDA:0,(anonymous_6)
FNDA:0,(anonymous_7)
FNDA:0,(anonymous_8)
FNDA:0,(anonymous_9)
FNDA:0,(anonymous_10)
FNDA:0,(anonymous_11)
FNDA:0,(anonymous_12)
FNDA:0,(anonymous_13)
DA:1,0
DA:12,0
DA:32,0
DA:40,0
DA:50,0
DA:57,0
DA:58,0
DA:65,0
DA:74,0
DA:76,0
DA:84,0
DA:93,0
DA:94,0
DA:101,0
DA:109,0
DA:117,0
DA:124,0
DA:132,0
DA:135,0
DA:140,0
DA:142,0
DA:152,0
LF:22
LH:0
BRF:0
BRH:0
end_of_record
TN:
SF:/home/circleci/app/src/adapter/messaging/rabbitmq/MessageException.ts
FN:17,(anonymous_0)
FN:26,(anonymous_1)
FN:34,(anonymous_2)
FN:44,(anonymous_3)
FN:52,(anonymous_4)
FNF:5
FNH:5
FNDA:2,(anonymous_0)
FNDA:1,(anonymous_1)
FNDA:1,(anonymous_2)
FNDA:2,(anonymous_3)
FNDA:2,(anonymous_4)
DA:8,1
DA:18,2
DA:19,2
DA:27,1
DA:35,1
DA:45,2
DA:53,2
LF:7
LH:7
BRF:0
BRH:0
end_of_record
TN:
SF:/home/circleci/app/src/adapter/messaging/rabbitmq/MessageListener.ts
FN:21,(anonymous_0)
FN:30,(anonymous_1)
FNF:2
FNH:2
FNDA:1,(anonymous_0)
FNDA:2,(anonymous_1)
DA:12,1
DA:22,1
DA:31,2
LF:3
LH:3
BRF:0
BRH:0
end_of_record
TN:
SF:/home/circleci/app/src/adapter/messaging/rabbitmq/Queue.ts
FN:24,(anonymous_0)
FN:31,(anonymous_1)
FN:39,(anonymous_2)
FN:40,(anonymous_3)
FN:63,(anonymous_4)
FN:71,(anonymous_5)
FN:80,(anonymous_6)
FN:82,(anonymous_7)
FN:88,(anonymous_8)
FN:89,(anonymous_9)
FN:93,(anonymous_10)
FN:108,(anonymous_11)
FN:112,(anonymous_12)
FN:121,(anonymous_13)
FN:122,(anonymous_14)
FN:137,(anonymous_15)
FN:141,(anonymous_16)
FN:150,(anonymous_17)
FN:151,(anonymous_18)
FN:166,(anonymous_19)
FN:170,(anonymous_20)
FN:179,(anonymous_21)
FN:180,(anonymous_22)
FN:202,(anonymous_23)
FN:207,(anonymous_24)
FN:216,(anonymous_25)
FN:218,(anonymous_26)
FN:224,(anonymous_27)
FN:225,(anonymous_28)
FN:229,(anonymous_29)
FN:246,(anonymous_30)
FN:249,(anonymous_31)
FN:255,(anonymous_32)
FN:259,(anonymous_33)
FN:260,(anonymous_34)
FN:262,(anonymous_35)
FN:281,(anonymous_36)
FN:285,(anonymous_37)
FN:291,(anonymous_38)
FN:295,(anonymous_39)
FN:296,(anonymous_40)
FN:298,(anonymous_41)
FN:316,(anonymous_42)
FN:320,(anonymous_43)
FN:326,(anonymous_44)
FN:328,(anonymous_45)
FN:334,(anonymous_46)
FN:335,(anonymous_47)
FN:337,(anonymous_48)
FN:349,(anonymous_49)
FN:355,(anonymous_50)
FN:363,(anonymous_51)
FN:372,(anonymous_52)
FN:380,(anonymous_53)
FN:389,(anonymous_54)
FN:393,(anonymous_55)
FN:405,(anonymous_56)
FNF:57
FNH:52
FNDA:5,(anonymous_0)
FNDA:5,(anonymous_1)
FNDA:2,(anonymous_2)
FNDA:2,(anonymous_3)
FNDA:6,(anonymous_4)
FNDA:6,(anonymous_5)
FNDA:4,(anonymous_6)
FNDA:3,(anonymous_7)
FNDA:2,(anonymous_8)
FNDA:1,(anonymous_9)
FNDA:1,(anonymous_10)
FNDA:4,(anonymous_11)
FNDA:4,(anonymous_12)
FNDA:1,(anonymous_13)
FNDA:1,(anonymous_14)
FNDA:4,(anonymous_15)
FNDA:4,(anonymous_16)
FNDA:1,(anonymous_17)
FNDA:1,(anonymous_18)
FNDA:4,(anonymous_19)
FNDA:4,(anonymous_20)
FNDA:1,(anonymous_21)
FNDA:1,(anonymous_22)
FNDA:6,(anonymous_23)
FNDA:6,(anonymous_24)
FNDA:4,(anonymous_25)
FNDA:3,(anonymous_26)
FNDA:2,(anonymous_27)
FNDA:1,(anonymous_28)
FNDA:1,(anonymous_29)
FNDA:4,(anonymous_30)
FNDA:4,(anonymous_31)
FNDA:3,(anonymous_32)
FNDA:1,(anonymous_33)
FNDA:1,(anonymous_34)
FNDA:1,(anonymous_35)
FNDA:4,(anonymous_36)
FNDA:4,(anonymous_37)
FNDA:3,(anonymous_38)
FNDA:1,(anonymous_39)
FNDA:1,(anonymous_40)
FNDA:1,(anonymous_41)
FNDA:4,(anonymous_42)
FNDA:4,(anonymous_43)
FNDA:3,(anonymous_44)
FNDA:3,(anonymous_45)
FNDA:1,(anonymous_46)
FNDA:1,(anonymous_47)
FNDA:1,(anonymous_48)
FNDA:0,(anonymous_49)
FNDA:0,(anonymous_50)
FNDA:1,(anonymous_51)
FNDA:0,(anonymous_52)
FNDA:0,(anonymous_53)
FNDA:0,(anonymous_54)
FNDA:35,(anonymous_55)
FNDA:27,(anonymous_56)
DA:3,1
DA:12,1
DA:31,5
DA:33,1
DA:35,4
DA:36,4
DA:37,4
DA:39,2
DA:40,2
DA:71,6
DA:73,1
DA:76,5
DA:77,4
DA:78,4
DA:81,4
DA:83,3
DA:88,2
DA:90,1
DA:93,1
DA:95,1
DA:112,4
DA:114,1
DA:117,3
DA:118,3
DA:119,2
DA:121,1
DA:122,1
DA:124,1
DA:141,4
DA:143,1
DA:146,3
DA:147,3
DA:148,2
DA:150,1
DA:151,1
DA:153,1
DA:170,4
DA:172,1
DA:175,3
DA:176,3
DA:177,2
DA:179,1
DA:180,1
DA:182,1
DA:207,6
DA:209,1
DA:212,5
DA:213,4
DA:214,4
DA:217,4
DA:219,3
DA:224,2
DA:226,1
DA:229,1
DA:231,1
DA:249,4
DA:251,4
DA:252,3
DA:253,3
DA:256,3
DA:259,1
DA:260,1
DA:262,1
DA:264,1
DA:285,4
DA:287,4
DA:288,3
DA:289,3
DA:292,3
DA:295,1
DA:296,1
DA:298,1
DA:300,1
DA:320,4
DA:322,4
DA:323,3
DA:324,3
DA:327,3
DA:329,3
DA:334,1
DA:335,1
DA:337,1
DA:339,1
DA:353,0
DA:356,0
DA:364,1
DA:373,0
DA:381,0
DA:390,0
DA:399,13
DA:401,22
DA:410,27
DA:412,27
DA:417,22
DA:419,5
LF:95
LH:90
BRDA:27,0,0,1
BRDA:28,1,0,1
BRDA:29,2,0,1
BRDA:32,3,0,5
BRDA:32,3,1,5
BRDA:66,4,0,2
BRDA:67,5,0,6
BRDA:68,6,0,6
BRDA:69,7,0,6
BRDA:72,8,0,6
BRDA:72,8,1,6
BRDA:113,9,0,4
BRDA:113,9,1,4
BRDA:142,10,0,4
BRDA:142,10,1,4
BRDA:171,11,0,4
BRDA:171,11,1,4
BRDA:205,12,0,2
BRDA:208,13,0,6
BRDA:208,13,1,6
BRF:20
BRH:20
end_of_record
TN:
SF:/home/circleci/app/src/domain/event/StoredEvent.ts
FN:9,(anonymous_0)
FN:15,(anonymous_1)
FN:19,(anonymous_2)
FN:23,(anonymous_3)
FN:27,(anonymous_4)
FNF:5
FNH:0
FNDA:0,(anonymous_0)
FNDA:0,(anonymous_1)
FNDA:0,(anonymous_2)
FNDA:0,(anonymous_3)
FNDA:0,(anonymous_4)
DA:3,0
DA:10,0
DA:11,0
DA:12,0
DA:16,0
DA:20,0
DA:24,0
DA:28,0
LF:8
LH:0
BRF:0
BRH:0
end_of_record
TN:
SF:/home/circleci/app/src/domain/model/DomainEventPublisher.ts
FN:17,(anonymous_0)
FN:9,(anonymous_1)
FN:21,(anonymous_2)
FN:29,(anonymous_3)
FN:35,(anonymous_4)
FN:39,(anonymous_5)
FN:40,(anonymous_6)
FNF:7
FNH:0
FNDA:0,(anonymous_0)
FNDA:0,(anonymous_1)
FNDA:0,(anonymous_2)
FNDA:0,(anonymous_3)
FNDA:0,(anonymous_4)
FNDA:0,(anonymous_5)
FNDA:0,(anonymous_6)
DA:4,0
DA:5,0
DA:7,0
DA:11,0
DA:14,0
DA:18,0
DA:22,0
DA:23,0
DA:24,0
DA:26,0
DA:30,0
DA:36,0
DA:40,0
DA:42,0
LF:14
LH:0
BRDA:31,0,0,0
BRDA:31,0,1,0
BRF:2
BRH:0
end_of_record
