TN:
SF:/home/circleci/app/src/adapter/messaging/rabbitmq/BrokerChannel.ts
FN:32,(anonymous_0)
FN:36,(anonymous_1)
FN:40,(anonymous_2)
FN:54,(anonymous_3)
FN:61,(anonymous_4)
FN:63,(anonymous_5)
FN:68,(anonymous_6)
FN:87,(anonymous_7)
FN:90,(anonymous_8)
FN:93,(anonymous_9)
FN:95,(anonymous_10)
FN:102,(anonymous_11)
FN:105,(anonymous_12)
FN:111,(anonymous_13)
FN:116,(anonymous_14)
FN:123,(anonymous_15)
FN:127,(anonymous_16)
FN:128,(anonymous_17)
FN:137,(anonymous_18)
FN:144,(anonymous_19)
FN:175,(anonymous_20)
FN:190,(anonymous_21)
FN:197,(anonymous_22)
FN:204,(anonymous_23)
FN:211,(anonymous_24)
FN:218,(anonymous_25)
FN:225,(anonymous_26)
FN:232,(anonymous_27)
FNF:28
FNH:23
FNDA:1,(anonymous_0)
FNDA:57,(anonymous_1)
FNDA:42,(anonymous_2)
FNDA:42,(anonymous_3)
FNDA:23,(anonymous_4)
FNDA:19,(anonymous_5)
FNDA:19,(anonymous_6)
FNDA:19,(anonymous_7)
FNDA:19,(anonymous_8)
FNDA:19,(anonymous_9)
FNDA:0,(anonymous_10)
FNDA:16,(anonymous_11)
FNDA:0,(anonymous_12)
FNDA:0,(anonymous_13)
FNDA:3,(anonymous_14)
FNDA:23,(anonymous_15)
FNDA:23,(anonymous_16)
FNDA:0,(anonymous_17)
FNDA:65,(anonymous_18)
FNDA:2,(anonymous_19)
FNDA:19,(anonymous_20)
FNDA:0,(anonymous_21)
FNDA:34,(anonymous_22)
FNDA:66,(anonymous_23)
FNDA:36,(anonymous_24)
FNDA:23,(anonymous_25)
FNDA:42,(anonymous_26)
FNDA:37,(anonymous_27)
DA:3,2
DA:4,2
DA:6,2
DA:13,2
DA:33,1
DA:37,57
DA:41,42
DA:59,42
DA:61,23
DA:63,19
DA:64,19
DA:72,19
DA:75,19
DA:76,19
DA:77,19
DA:90,19
DA:91,19
DA:94,19
DA:95,19
DA:96,0
DA:97,0
DA:98,0
DA:100,19
DA:103,16
DA:104,16
DA:105,16
DA:106,0
DA:107,0
DA:108,0
DA:112,0
DA:113,0
DA:117,3
DA:118,3
DA:127,23
DA:128,23
DA:129,21
DA:130,18
DA:131,18
DA:132,18
DA:133,18
DA:138,65
DA:156,2
DA:158,2
DA:162,2
DA:164,2
DA:168,2
DA:169,2
DA:178,19
DA:191,0
DA:198,34
DA:205,66
DA:212,36
DA:219,23
DA:226,42
DA:233,37
LF:55
LH:46
BRDA:55,0,0,0
BRDA:56,1,0,0
BRDA:57,2,0,19
BRF:3
BRH:1
end_of_record
TN:
SF:/home/circleci/app/src/adapter/messaging/rabbitmq/ConnectionFactory.ts
FN:19,(anonymous_0)
FN:27,(anonymous_1)
FN:35,(anonymous_2)
FN:43,(anonymous_3)
FN:51,(anonymous_4)
FN:58,(anonymous_5)
FN:66,(anonymous_6)
FN:74,(anonymous_7)
FN:82,(anonymous_8)
FN:90,(anonymous_9)
FN:94,(anonymous_10)
FN:102,(anonymous_11)
FN:103,(anonymous_12)
FNF:13
FNH:13
FNDA:22,(anonymous_0)
FNDA:22,(anonymous_1)
FNDA:22,(anonymous_2)
FNDA:22,(anonymous_3)
FNDA:22,(anonymous_4)
FNDA:22,(anonymous_5)
FNDA:22,(anonymous_6)
FNDA:22,(anonymous_7)
FNDA:22,(anonymous_8)
FNDA:22,(anonymous_9)
FNDA:22,(anonymous_10)
FNDA:21,(anonymous_11)
FNDA:21,(anonymous_12)
DA:1,3
DA:8,3
DA:20,22
DA:28,22
DA:36,22
DA:44,22
DA:52,22
DA:59,22
DA:67,22
DA:75,22
DA:83,22
DA:91,22
DA:95,22
DA:96,22
DA:97,22
DA:98,22
DA:99,22
DA:103,21
DA:105,21
DA:111,20
DA:113,1
LF:21
LH:21
BRDA:28,0,0,22
BRDA:28,0,1,1
BRDA:44,1,0,22
BRDA:44,1,1,1
BRDA:59,2,0,22
BRDA:59,2,1,1
BRDA:75,3,0,22
BRDA:75,3,1,1
BRDA:83,4,0,22
BRDA:83,4,1,1
BRF:10
BRH:10
end_of_record
TN:
SF:/home/circleci/app/src/adapter/messaging/rabbitmq/ConnectionSetting.ts
FN:60,(anonymous_0)
FN:79,(anonymous_1)
FN:95,(anonymous_2)
FN:102,(anonymous_3)
FN:110,(anonymous_4)
FN:117,(anonymous_5)
FN:124,(anonymous_6)
FN:130,(anonymous_7)
FN:137,(anonymous_8)
FN:143,(anonymous_9)
FN:149,(anonymous_10)
FN:156,(anonymous_11)
FN:163,(anonymous_12)
FN:170,(anonymous_13)
FNF:14
FNH:14
FNDA:32,(anonymous_0)
FNDA:30,(anonymous_1)
FNDA:41,(anonymous_2)
FNDA:30,(anonymous_3)
FNDA:23,(anonymous_4)
FNDA:30,(anonymous_5)
FNDA:23,(anonymous_6)
FNDA:1,(anonymous_7)
FNDA:30,(anonymous_8)
FNDA:1,(anonymous_9)
FNDA:23,(anonymous_10)
FNDA:30,(anonymous_11)
FNDA:22,(anonymous_12)
FNDA:30,(anonymous_13)
DA:1,3
DA:10,3
DA:67,32
DA:86,30
DA:87,30
DA:88,30
DA:89,30
DA:90,30
DA:96,41
DA:103,30
DA:105,30
DA:111,23
DA:118,30
DA:125,23
DA:131,1
DA:138,30
DA:144,1
DA:150,23
DA:157,30
DA:164,22
DA:171,30
DA:173,30
LF:22
LH:22
BRDA:68,0,0,32
BRDA:68,0,1,4
BRDA:69,1,0,32
BRDA:69,1,1,3
BRDA:70,2,0,32
BRDA:70,2,1,4
BRDA:71,3,0,32
BRDA:71,3,1,4
BRDA:72,4,0,32
BRDA:72,4,1,4
BRDA:144,5,0,1
BRDA:144,5,1,1
BRF:12
BRH:12
end_of_record
TN:
SF:/home/circleci/app/src/adapter/messaging/rabbitmq/Exchange.ts
FN:20,(anonymous_0)
FN:25,(anonymous_1)
FN:49,(anonymous_2)
FN:54,(anonymous_3)
FN:73,(anonymous_4)
FN:78,(anonymous_5)
FN:97,(anonymous_6)
FN:102,(anonymous_7)
FN:119,(anonymous_8)
FN:127,(anonymous_9)
FN:140,(anonymous_10)
FN:154,(anonymous_11)
FN:162,(anonymous_12)
FNF:13
FNH:0
FNDA:0,(anonymous_0)
FNDA:0,(anonymous_1)
FNDA:0,(anonymous_2)
FNDA:0,(anonymous_3)
FNDA:0,(anonymous_4)
FNDA:0,(anonymous_5)
FNDA:0,(anonymous_6)
FNDA:0,(anonymous_7)
FNDA:0,(anonymous_8)
FNDA:0,(anonymous_9)
FNDA:0,(anonymous_10)
FNDA:0,(anonymous_11)
FNDA:0,(anonymous_12)
DA:2,0
DA:9,0
DA:25,0
DA:26,0
DA:33,0
DA:34,0
DA:35,0
DA:37,0
DA:54,0
DA:55,0
DA:57,0
DA:58,0
DA:59,0
DA:61,0
DA:78,0
DA:79,0
DA:81,0
DA:82,0
DA:83,0
DA:85,0
DA:102,0
DA:103,0
DA:105,0
DA:106,0
DA:107,0
DA:109,0
DA:120,0
DA:129,0
DA:133,0
DA:146,0
DA:147,0
DA:148,0
DA:155,0
DA:163,0
LF:34
LH:0
BRF:0
BRH:0
end_of_record
TN:
SF:/home/circleci/app/src/adapter/messaging/rabbitmq/MessageConsumer.ts
FN:32,(anonymous_0)
FN:40,(anonymous_1)
FN:50,(anonymous_2)
FN:60,(anonymous_3)
FN:68,(anonymous_4)
FN:76,(anonymous_5)
FN:89,(anonymous_6)
FN:97,(anonymous_7)
FN:105,(anonymous_8)
FN:113,(anonymous_9)
FN:120,(anonymous_10)
FN:128,(anonymous_11)
FN:131,(anonymous_12)
FN:156,(anonymous_13)
FN:166,(anonymous_14)
FNF:15
FNH:14
FNDA:1,(anonymous_0)
FNDA:5,(anonymous_1)
FNDA:6,(anonymous_2)
FNDA:1,(anonymous_3)
FNDA:2,(anonymous_4)
FNDA:0,(anonymous_5)
FNDA:6,(anonymous_6)
FNDA:10,(anonymous_7)
FNDA:6,(anonymous_8)
FNDA:1,(anonymous_9)
FNDA:11,(anonymous_10)
FNDA:6,(anonymous_11)
FNDA:1,(anonymous_12)
FNDA:3,(anonymous_13)
FNDA:6,(anonymous_14)
DA:1,1
DA:13,1
DA:33,1
DA:41,5
DA:54,6
DA:61,1
DA:62,1
DA:69,2
DA:78,0
DA:80,0
DA:90,6
DA:91,6
DA:98,10
DA:106,6
DA:114,1
DA:121,11
DA:129,6
DA:130,6
DA:131,6
DA:134,1
DA:136,0
DA:141,6
DA:142,6
DA:158,3
DA:167,6
LF:25
LH:22
BRF:0
BRH:0
end_of_record
TN:
SF:/home/circleci/app/src/adapter/messaging/rabbitmq/MessageException.ts
FN:20,(anonymous_0)
FN:29,(anonymous_1)
FN:37,(anonymous_2)
FN:47,(anonymous_3)
FN:55,(anonymous_4)
FN:63,(anonymous_5)
FN:70,(anonymous_6)
FNF:7
FNH:7
FNDA:4,(anonymous_0)
FNDA:1,(anonymous_1)
FNDA:3,(anonymous_2)
FNDA:3,(anonymous_3)
FNDA:4,(anonymous_4)
FNDA:4,(anonymous_5)
FNDA:1,(anonymous_6)
DA:8,2
DA:21,4
DA:22,4
DA:30,1
DA:38,3
DA:48,3
DA:56,4
DA:64,4
DA:71,1
LF:9
LH:9
BRF:0
BRH:0
end_of_record
TN:
SF:/home/circleci/app/src/adapter/messaging/rabbitmq/MessageListener.ts
FN:21,(anonymous_0)
FN:30,(anonymous_1)
FNF:2
FNH:2
FNDA:1,(anonymous_0)
FNDA:2,(anonymous_1)
DA:12,1
DA:22,1
DA:31,2
LF:3
LH:3
BRF:0
BRH:0
end_of_record
TN:
SF:/home/circleci/app/src/adapter/messaging/rabbitmq/Queue.ts
FN:25,(anonymous_0)
FN:32,(anonymous_1)
FN:40,(anonymous_2)
FN:41,(anonymous_3)
FN:64,(anonymous_4)
FN:72,(anonymous_5)
FN:81,(anonymous_6)
FN:83,(anonymous_7)
FN:89,(anonymous_8)
FN:90,(anonymous_9)
FN:94,(anonymous_10)
FN:109,(anonymous_11)
FN:113,(anonymous_12)
FN:122,(anonymous_13)
FN:123,(anonymous_14)
FN:138,(anonymous_15)
FN:142,(anonymous_16)
FN:151,(anonymous_17)
FN:152,(anonymous_18)
FN:167,(anonymous_19)
FN:171,(anonymous_20)
FN:180,(anonymous_21)
FN:181,(anonymous_22)
FN:203,(anonymous_23)
FN:208,(anonymous_24)
FN:217,(anonymous_25)
FN:219,(anonymous_26)
FN:225,(anonymous_27)
FN:226,(anonymous_28)
FN:230,(anonymous_29)
FN:247,(anonymous_30)
FN:250,(anonymous_31)
FN:256,(anonymous_32)
FN:260,(anonymous_33)
FN:261,(anonymous_34)
FN:263,(anonymous_35)
FN:282,(anonymous_36)
FN:286,(anonymous_37)
FN:292,(anonymous_38)
FN:296,(anonymous_39)
FN:297,(anonymous_40)
FN:299,(anonymous_41)
FN:317,(anonymous_42)
FN:321,(anonymous_43)
FN:327,(anonymous_44)
FN:329,(anonymous_45)
FN:335,(anonymous_46)
FN:336,(anonymous_47)
FN:338,(anonymous_48)
FN:352,(anonymous_49)
FN:357,(anonymous_50)
FN:361,(anonymous_51)
FN:371,(anonymous_52)
FN:372,(anonymous_53)
FN:381,(anonymous_54)
FN:390,(anonymous_55)
FN:398,(anonymous_56)
FN:407,(anonymous_57)
FN:411,(anonymous_58)
FN:423,(anonymous_59)
FNF:60
FNH:60
FNDA:11,(anonymous_0)
FNDA:11,(anonymous_1)
FNDA:8,(anonymous_2)
FNDA:2,(anonymous_3)
FNDA:6,(anonymous_4)
FNDA:6,(anonymous_5)
FNDA:4,(anonymous_6)
FNDA:3,(anonymous_7)
FNDA:2,(anonymous_8)
FNDA:1,(anonymous_9)
FNDA:1,(anonymous_10)
FNDA:4,(anonymous_11)
FNDA:4,(anonymous_12)
FNDA:1,(anonymous_13)
FNDA:1,(anonymous_14)
FNDA:4,(anonymous_15)
FNDA:4,(anonymous_16)
FNDA:1,(anonymous_17)
FNDA:1,(anonymous_18)
FNDA:4,(anonymous_19)
FNDA:4,(anonymous_20)
FNDA:1,(anonymous_21)
FNDA:1,(anonymous_22)
FNDA:6,(anonymous_23)
FNDA:6,(anonymous_24)
FNDA:4,(anonymous_25)
FNDA:3,(anonymous_26)
FNDA:2,(anonymous_27)
FNDA:1,(anonymous_28)
FNDA:1,(anonymous_29)
FNDA:4,(anonymous_30)
FNDA:4,(anonymous_31)
FNDA:3,(anonymous_32)
FNDA:1,(anonymous_33)
FNDA:1,(anonymous_34)
FNDA:1,(anonymous_35)
FNDA:4,(anonymous_36)
FNDA:4,(anonymous_37)
FNDA:3,(anonymous_38)
FNDA:1,(anonymous_39)
FNDA:1,(anonymous_40)
FNDA:1,(anonymous_41)
FNDA:5,(anonymous_42)
FNDA:5,(anonymous_43)
FNDA:4,(anonymous_44)
FNDA:4,(anonymous_45)
FNDA:2,(anonymous_46)
FNDA:1,(anonymous_47)
FNDA:1,(anonymous_48)
FNDA:6,(anonymous_49)
FNDA:6,(anonymous_50)
FNDA:5,(anonymous_51)
FNDA:5,(anonymous_52)
FNDA:1,(anonymous_53)
FNDA:2,(anonymous_54)
FNDA:1,(anonymous_55)
FNDA:3,(anonymous_56)
FNDA:1,(anonymous_57)
FNDA:42,(anonymous_58)
FNDA:34,(anonymous_59)
DA:3,2
DA:7,2
DA:13,2
DA:32,11
DA:34,1
DA:36,10
DA:37,10
DA:38,10
DA:40,8
DA:41,2
DA:72,6
DA:74,1
DA:77,5
DA:78,5
DA:79,4
DA:82,4
DA:84,3
DA:89,2
DA:91,1
DA:94,1
DA:96,1
DA:113,4
DA:115,1
DA:118,3
DA:119,3
DA:120,2
DA:122,1
DA:123,1
DA:125,1
DA:142,4
DA:144,1
DA:147,3
DA:148,3
DA:149,2
DA:151,1
DA:152,1
DA:154,1
DA:171,4
DA:173,1
DA:176,3
DA:177,3
DA:178,2
DA:180,1
DA:181,1
DA:183,1
DA:208,6
DA:210,1
DA:213,5
DA:214,5
DA:215,4
DA:218,4
DA:220,3
DA:225,2
DA:227,1
DA:230,1
DA:232,1
DA:250,4
DA:252,4
DA:253,4
DA:254,3
DA:257,3
DA:260,1
DA:261,1
DA:263,1
DA:265,1
DA:286,4
DA:288,4
DA:289,4
DA:290,3
DA:293,3
DA:296,1
DA:297,1
DA:299,1
DA:301,1
DA:321,5
DA:323,5
DA:324,5
DA:325,4
DA:328,4
DA:330,4
DA:335,2
DA:336,1
DA:338,1
DA:340,1
DA:357,6
DA:358,6
DA:362,5
DA:364,5
DA:366,1
DA:371,5
DA:374,1
DA:375,1
DA:382,2
DA:391,1
DA:399,3
DA:408,1
DA:417,19
DA:419,23
DA:428,34
DA:430,34
DA:435,29
DA:437,5
LF:102
LH:102
BRDA:28,0,0,1
BRDA:29,1,0,1
BRDA:30,2,0,1
BRDA:33,3,0,11
BRDA:33,3,1,11
BRDA:67,4,0,2
BRDA:68,5,0,6
BRDA:69,6,0,6
BRDA:70,7,0,6
BRDA:73,8,0,6
BRDA:73,8,1,6
BRDA:114,9,0,4
BRDA:114,9,1,4
BRDA:143,10,0,4
BRDA:143,10,1,4
BRDA:172,11,0,4
BRDA:172,11,1,4
BRDA:206,12,0,2
BRDA:209,13,0,6
BRDA:209,13,1,6
BRF:20
BRH:20
end_of_record
TN:
SF:/home/circleci/app/src/domain/event/StoredEvent.ts
FN:9,(anonymous_0)
FN:15,(anonymous_1)
FN:19,(anonymous_2)
FN:23,(anonymous_3)
FN:27,(anonymous_4)
FNF:5
FNH:0
FNDA:0,(anonymous_0)
FNDA:0,(anonymous_1)
FNDA:0,(anonymous_2)
FNDA:0,(anonymous_3)
FNDA:0,(anonymous_4)
DA:3,0
DA:10,0
DA:11,0
DA:12,0
DA:16,0
DA:20,0
DA:24,0
DA:28,0
LF:8
LH:0
BRF:0
BRH:0
end_of_record
TN:
SF:/home/circleci/app/src/domain/model/DomainEventPublisher.ts
FN:17,(anonymous_0)
FN:9,(anonymous_1)
FN:21,(anonymous_2)
FN:29,(anonymous_3)
FN:35,(anonymous_4)
FN:39,(anonymous_5)
FN:40,(anonymous_6)
FNF:7
FNH:0
FNDA:0,(anonymous_0)
FNDA:0,(anonymous_1)
FNDA:0,(anonymous_2)
FNDA:0,(anonymous_3)
FNDA:0,(anonymous_4)
FNDA:0,(anonymous_5)
FNDA:0,(anonymous_6)
DA:4,0
DA:5,0
DA:7,0
DA:11,0
DA:14,0
DA:18,0
DA:22,0
DA:23,0
DA:24,0
DA:26,0
DA:30,0
DA:36,0
DA:40,0
DA:42,0
LF:14
LH:0
BRDA:31,0,0,0
BRDA:31,0,1,0
BRF:2
BRH:0
end_of_record
